{"/home/travis/build/npmtest/node-npmtest-sprity/test.js":{"path":"/home/travis/build/npmtest/node-npmtest-sprity/test.js","s":{"1":2,"2":2,"3":2,"4":2,"5":2,"6":2,"7":2,"8":1,"9":2,"10":2,"11":1,"12":1,"13":1,"14":1,"15":2,"16":2,"17":2,"18":2,"19":1,"20":1,"21":2,"22":2,"23":2,"24":1,"25":1,"26":1,"27":1,"28":1,"29":1,"30":1,"31":1,"32":1,"33":1,"34":1,"35":1,"36":1,"37":1,"38":1,"39":2,"40":2,"41":1,"42":2,"43":2,"44":1,"45":2,"46":2,"47":1,"48":2,"49":2,"50":1,"51":1,"52":1,"53":1,"54":1},"b":{"1":[2,1,1,1],"2":[1,1,1,1],"3":[1,1],"4":[1,1],"5":[1,1],"6":[1,1],"7":[1,1],"8":[1,1],"9":[1,1],"10":[1,1,1],"11":[1,1],"12":[1,1],"13":[1,1],"14":[1,1],"15":[1,1],"16":[1,1],"17":[1,1]},"f":{"1":2,"2":2,"3":2,"4":2,"5":2,"6":1,"7":1,"8":1,"9":2,"10":2,"11":2,"12":2,"13":1},"fnMap":{"1":{"name":"(anonymous_1)","line":12,"loc":{"start":{"line":12,"column":1},"end":{"line":12,"column":13}}},"2":{"name":"(anonymous_2)","line":19,"loc":{"start":{"line":19,"column":5},"end":{"line":19,"column":17}}},"3":{"name":"(anonymous_3)","line":23,"loc":{"start":{"line":23,"column":24},"end":{"line":23,"column":36}}},"4":{"name":"(anonymous_4)","line":61,"loc":{"start":{"line":61,"column":5},"end":{"line":61,"column":17}}},"5":{"name":"(anonymous_5)","line":82,"loc":{"start":{"line":82,"column":5},"end":{"line":82,"column":17}}},"6":{"name":"(anonymous_6)","line":91,"loc":{"start":{"line":91,"column":77},"end":{"line":94,"column":10}}},"7":{"name":"(anonymous_7)","line":112,"loc":{"start":{"line":112,"column":83},"end":{"line":115,"column":10}},"skip":true},"8":{"name":"(anonymous_8)","line":123,"loc":{"start":{"line":123,"column":77},"end":{"line":126,"column":10}},"skip":true},"9":{"name":"(anonymous_9)","line":139,"loc":{"start":{"line":139,"column":12},"end":{"line":139,"column":40}},"skip":true},"10":{"name":"(anonymous_10)","line":147,"loc":{"start":{"line":147,"column":77},"end":{"line":150,"column":10}},"skip":true},"11":{"name":"(anonymous_11)","line":158,"loc":{"start":{"line":158,"column":83},"end":{"line":161,"column":10}},"skip":true},"12":{"name":"(anonymous_12)","line":169,"loc":{"start":{"line":169,"column":79},"end":{"line":172,"column":10}},"skip":true},"13":{"name":"(anonymous_13)","line":180,"loc":{"start":{"line":180,"column":75},"end":{"line":183,"column":10}},"skip":true}},"statementMap":{"1":{"start":{"line":12,"column":0},"end":{"line":195,"column":5}},"2":{"start":{"line":14,"column":4},"end":{"line":14,"column":14}},"3":{"start":{"line":19,"column":4},"end":{"line":56,"column":9}},"4":{"start":{"line":21,"column":8},"end":{"line":21,"column":19}},"5":{"start":{"line":23,"column":8},"end":{"line":35,"column":13}},"6":{"start":{"line":24,"column":12},"end":{"line":34,"column":13}},"7":{"start":{"line":25,"column":16},"end":{"line":28,"column":30}},"8":{"start":{"line":30,"column":16},"end":{"line":33,"column":27}},"9":{"start":{"line":37,"column":8},"end":{"line":39,"column":21}},"10":{"start":{"line":40,"column":8},"end":{"line":53,"column":9}},"11":{"start":{"line":43,"column":12},"end":{"line":46,"column":14}},"12":{"start":{"line":47,"column":12},"end":{"line":47,"column":18}},"13":{"start":{"line":50,"column":12},"end":{"line":51,"column":33}},"14":{"start":{"line":52,"column":12},"end":{"line":52,"column":18}},"15":{"start":{"line":55,"column":8},"end":{"line":55,"column":35}},"16":{"start":{"line":61,"column":4},"end":{"line":63,"column":9}},"17":{"start":{"line":62,"column":8},"end":{"line":62,"column":15}},"18":{"start":{"line":64,"column":4},"end":{"line":77,"column":5}},"19":{"start":{"line":70,"column":8},"end":{"line":70,"column":14}},"20":{"start":{"line":76,"column":8},"end":{"line":76,"column":14}},"21":{"start":{"line":82,"column":4},"end":{"line":84,"column":9}},"22":{"start":{"line":83,"column":8},"end":{"line":83,"column":15}},"23":{"start":{"line":85,"column":4},"end":{"line":194,"column":5}},"24":{"start":{"line":91,"column":8},"end":{"line":99,"column":10}},"25":{"start":{"line":98,"column":12},"end":{"line":98,"column":35}},"26":{"start":{"line":102,"column":8},"end":{"line":104,"column":63}},"27":{"start":{"line":105,"column":8},"end":{"line":105,"column":14}},"28":{"start":{"line":112,"column":8},"end":{"line":121,"column":10},"skip":true},"29":{"start":{"line":119,"column":12},"end":{"line":119,"column":55},"skip":true},"30":{"start":{"line":120,"column":12},"end":{"line":120,"column":48},"skip":true},"31":{"start":{"line":123,"column":8},"end":{"line":136,"column":10},"skip":true},"32":{"start":{"line":130,"column":12},"end":{"line":130,"column":76},"skip":true},"33":{"start":{"line":131,"column":12},"end":{"line":131,"column":73},"skip":true},"34":{"start":{"line":132,"column":12},"end":{"line":132,"column":74},"skip":true},"35":{"start":{"line":133,"column":12},"end":{"line":133,"column":79},"skip":true},"36":{"start":{"line":134,"column":12},"end":{"line":134,"column":25},"skip":true},"37":{"start":{"line":135,"column":12},"end":{"line":135,"column":45},"skip":true},"38":{"start":{"line":138,"column":8},"end":{"line":145,"column":14},"skip":true},"39":{"start":{"line":143,"column":16},"end":{"line":143,"column":29},"skip":true},"40":{"start":{"line":144,"column":16},"end":{"line":144,"column":55},"skip":true},"41":{"start":{"line":147,"column":8},"end":{"line":156,"column":10},"skip":true},"42":{"start":{"line":154,"column":12},"end":{"line":154,"column":25},"skip":true},"43":{"start":{"line":155,"column":12},"end":{"line":155,"column":45},"skip":true},"44":{"start":{"line":158,"column":8},"end":{"line":167,"column":10},"skip":true},"45":{"start":{"line":165,"column":12},"end":{"line":165,"column":25},"skip":true},"46":{"start":{"line":166,"column":12},"end":{"line":166,"column":48},"skip":true},"47":{"start":{"line":169,"column":8},"end":{"line":178,"column":10},"skip":true},"48":{"start":{"line":176,"column":12},"end":{"line":176,"column":25},"skip":true},"49":{"start":{"line":177,"column":12},"end":{"line":177,"column":46},"skip":true},"50":{"start":{"line":180,"column":8},"end":{"line":189,"column":10},"skip":true},"51":{"start":{"line":187,"column":12},"end":{"line":187,"column":94},"skip":true},"52":{"start":{"line":188,"column":12},"end":{"line":188,"column":48},"skip":true},"53":{"start":{"line":192,"column":8},"end":{"line":192,"column":35},"skip":true},"54":{"start":{"line":193,"column":8},"end":{"line":193,"column":14},"skip":true}},"branchMap":{"1":{"line":25,"type":"binary-expr","locations":[{"start":{"line":25,"column":23},"end":{"line":25,"column":62}},{"start":{"line":26,"column":20},"end":{"line":26,"column":70}},{"start":{"line":27,"column":20},"end":{"line":27,"column":71}},{"start":{"line":28,"column":20},"end":{"line":28,"column":29}}]},"2":{"line":30,"type":"binary-expr","locations":[{"start":{"line":30,"column":23},"end":{"line":30,"column":37}},{"start":{"line":31,"column":20},"end":{"line":31,"column":61}},{"start":{"line":32,"column":20},"end":{"line":32,"column":70}},{"start":{"line":33,"column":20},"end":{"line":33,"column":26}}]},"3":{"line":37,"type":"cond-expr","locations":[{"start":{"line":38,"column":14},"end":{"line":38,"column":20}},{"start":{"line":39,"column":14},"end":{"line":39,"column":20}}]},"4":{"line":40,"type":"switch","locations":[{"start":{"line":42,"column":8},"end":{"line":47,"column":18}},{"start":{"line":49,"column":8},"end":{"line":52,"column":18}}]},"5":{"line":44,"type":"binary-expr","locations":[{"start":{"line":44,"column":16},"end":{"line":44,"column":44}},{"start":{"line":44,"column":48},"end":{"line":44,"column":66}}]},"6":{"line":50,"type":"binary-expr","locations":[{"start":{"line":50,"column":21},"end":{"line":50,"column":49}},{"start":{"line":50,"column":53},"end":{"line":50,"column":72}}]},"7":{"line":64,"type":"switch","locations":[{"start":{"line":69,"column":4},"end":{"line":70,"column":14}},{"start":{"line":75,"column":4},"end":{"line":76,"column":14}}]},"8":{"line":85,"type":"switch","locations":[{"start":{"line":90,"column":4},"end":{"line":105,"column":14}},{"start":{"line":111,"column":4},"end":{"line":193,"column":14},"skip":true}]},"9":{"line":91,"type":"binary-expr","locations":[{"start":{"line":91,"column":42},"end":{"line":91,"column":73}},{"start":{"line":91,"column":77},"end":{"line":99,"column":9}}]},"10":{"line":102,"type":"binary-expr","locations":[{"start":{"line":102,"column":18},"end":{"line":102,"column":32}},{"start":{"line":103,"column":12},"end":{"line":103,"column":53}},{"start":{"line":104,"column":12},"end":{"line":104,"column":61}}]},"11":{"line":112,"type":"binary-expr","locations":[{"start":{"line":112,"column":45},"end":{"line":112,"column":79},"skip":true},{"start":{"line":112,"column":83},"end":{"line":121,"column":9},"skip":true}]},"12":{"line":123,"type":"binary-expr","locations":[{"start":{"line":123,"column":42},"end":{"line":123,"column":73},"skip":true},{"start":{"line":123,"column":77},"end":{"line":136,"column":9},"skip":true}]},"13":{"line":138,"type":"binary-expr","locations":[{"start":{"line":138,"column":48},"end":{"line":138,"column":85},"skip":true},{"start":{"line":139,"column":12},"end":{"line":145,"column":13},"skip":true}]},"14":{"line":147,"type":"binary-expr","locations":[{"start":{"line":147,"column":42},"end":{"line":147,"column":73},"skip":true},{"start":{"line":147,"column":77},"end":{"line":156,"column":9},"skip":true}]},"15":{"line":158,"type":"binary-expr","locations":[{"start":{"line":158,"column":45},"end":{"line":158,"column":79},"skip":true},{"start":{"line":158,"column":83},"end":{"line":167,"column":9},"skip":true}]},"16":{"line":169,"type":"binary-expr","locations":[{"start":{"line":169,"column":43},"end":{"line":169,"column":75},"skip":true},{"start":{"line":169,"column":79},"end":{"line":178,"column":9},"skip":true}]},"17":{"line":180,"type":"binary-expr","locations":[{"start":{"line":180,"column":41},"end":{"line":180,"column":71},"skip":true},{"start":{"line":180,"column":75},"end":{"line":189,"column":9},"skip":true}]}},"code":["/* istanbul instrument in package npmtest_sprity */","/*jslint","    bitwise: true,","    browser: true,","    maxerr: 8,","    maxlen: 96,","    node: true,","    nomen: true,","    regexp: true,","    stupid: true","*/","(function () {","    'use strict';","    var local;","","","","    // run shared js-env code - init-before","    (function () {","        // init local","        local = {};","        // init modeJs","        local.modeJs = (function () {","            try {","                return typeof navigator.userAgent === 'string' &&","                    typeof document.querySelector('body') === 'object' &&","                    typeof XMLHttpRequest.prototype.open === 'function' &&","                    'browser';","            } catch (errorCaughtBrowser) {","                return module.exports &&","                    typeof process.versions.node === 'string' &&","                    typeof require('http').createServer === 'function' &&","                    'node';","            }","        }());","        // init global","        local.global = local.modeJs === 'browser'","            ? window","            : global;","        switch (local.modeJs) {","        // re-init local from window.local","        case 'browser':","            local = local.global.utility2.objectSetDefault(","                local.global.utility2_rollup || local.global.local,","                local.global.utility2","            );","            break;","        // re-init local from example.js","        case 'node':","            local = (local.global.utility2_rollup || require('utility2'))","                .requireReadme();","            break;","        }","        // export local","        local.global.local = local;","    }());","","","","    // run shared js-env code - function","    (function () {","        return;","    }());","    switch (local.modeJs) {","","","","    // run browser js-env code - function","    case 'browser':","        break;","","","","    // run node js-env code - function","    case 'node':","        break;","    }","","","","    // run shared js-env code - init-after","    (function () {","        return;","    }());","    switch (local.modeJs) {","","","","    // run browser js-env code - init-after","    case 'browser':","        local.testCase_browser_nullCase = local.testCase_browser_nullCase || function (","            options,","            onError","        ) {","        /*","         * this function will test browsers's null-case handling-behavior-behavior","         */","            onError(null, options);","        };","","        // run tests","        local.nop(local.modeTest &&","            document.querySelector('#testRunButton1') &&","            document.querySelector('#testRunButton1').click());","        break;","","","","    // run node js-env code - init-after","    /* istanbul ignore next */","    case 'node':","        local.testCase_buildApidoc_default = local.testCase_buildApidoc_default || function (","            options,","            onError","        ) {","        /*","         * this function will test buildApidoc's default handling-behavior-behavior","         */","            options = { modulePathList: module.paths };","            local.buildApidoc(options, onError);","        };","","        local.testCase_buildApp_default = local.testCase_buildApp_default || function (","            options,","            onError","        ) {","        /*","         * this function will test buildApp's default handling-behavior-behavior","         */","            local.testCase_buildReadme_default(options, local.onErrorThrow);","            local.testCase_buildLib_default(options, local.onErrorThrow);","            local.testCase_buildTest_default(options, local.onErrorThrow);","            local.testCase_buildCustomOrg_default(options, local.onErrorThrow);","            options = [];","            local.buildApp(options, onError);","        };","","        local.testCase_buildCustomOrg_default = local.testCase_buildCustomOrg_default ||","            function (options, onError) {","            /*","             * this function will test buildCustomOrg's default handling-behavior","             */","                options = {};","                local.buildCustomOrg(options, onError);","            };","","        local.testCase_buildLib_default = local.testCase_buildLib_default || function (","            options,","            onError","        ) {","        /*","         * this function will test buildLib's default handling-behavior","         */","            options = {};","            local.buildLib(options, onError);","        };","","        local.testCase_buildReadme_default = local.testCase_buildReadme_default || function (","            options,","            onError","        ) {","        /*","         * this function will test buildReadme's default handling-behavior-behavior","         */","            options = {};","            local.buildReadme(options, onError);","        };","","        local.testCase_buildTest_default = local.testCase_buildTest_default || function (","            options,","            onError","        ) {","        /*","         * this function will test buildTest's default handling-behavior","         */","            options = {};","            local.buildTest(options, onError);","        };","","        local.testCase_webpage_default = local.testCase_webpage_default || function (","            options,","            onError","        ) {","        /*","         * this function will test webpage's default handling-behavior","         */","            options = { modeCoverageMerge: true, url: local.serverLocalHost + '?modeTest=1' };","            local.browserTest(options, onError);","        };","","        // run test-server","        local.testRunServer(local);","        break;","    }","}());",""],"l":{"12":2,"14":2,"19":2,"21":2,"23":2,"24":2,"25":2,"30":1,"37":2,"40":2,"43":1,"47":1,"50":1,"52":1,"55":2,"61":2,"62":2,"64":2,"70":1,"76":1,"82":2,"83":2,"85":2,"91":1,"98":1,"102":1,"105":1,"112":1,"119":1,"120":1,"123":1,"130":1,"131":1,"132":1,"133":1,"134":1,"135":1,"138":1,"143":2,"144":2,"147":1,"154":2,"155":2,"158":1,"165":2,"166":2,"169":1,"176":2,"177":2,"180":1,"187":1,"188":1,"192":1,"193":1}},"/home/travis/build/npmtest/node-npmtest-sprity/lib.npmtest_sprity.js":{"path":"/home/travis/build/npmtest/node-npmtest-sprity/lib.npmtest_sprity.js","s":{"1":2,"2":2,"3":2,"4":2,"5":2,"6":2,"7":2,"8":1,"9":2,"10":2,"11":2,"12":2,"13":1,"14":1,"15":1,"16":1},"b":{"1":[2,1,1,1],"2":[1,1,1,1],"3":[1,1],"4":[2,2],"5":[1,1]},"f":{"1":2,"2":2,"3":2},"fnMap":{"1":{"name":"(anonymous_1)","line":12,"loc":{"start":{"line":12,"column":1},"end":{"line":12,"column":13}}},"2":{"name":"(anonymous_2)","line":19,"loc":{"start":{"line":19,"column":5},"end":{"line":19,"column":17}}},"3":{"name":"(anonymous_3)","line":23,"loc":{"start":{"line":23,"column":24},"end":{"line":23,"column":36}}}},"statementMap":{"1":{"start":{"line":12,"column":0},"end":{"line":53,"column":5}},"2":{"start":{"line":14,"column":4},"end":{"line":14,"column":14}},"3":{"start":{"line":19,"column":4},"end":{"line":52,"column":9}},"4":{"start":{"line":21,"column":8},"end":{"line":21,"column":19}},"5":{"start":{"line":23,"column":8},"end":{"line":35,"column":13}},"6":{"start":{"line":24,"column":12},"end":{"line":34,"column":13}},"7":{"start":{"line":25,"column":16},"end":{"line":28,"column":30}},"8":{"start":{"line":30,"column":16},"end":{"line":33,"column":27}},"9":{"start":{"line":37,"column":8},"end":{"line":39,"column":21}},"10":{"start":{"line":41,"column":8},"end":{"line":41,"column":54}},"11":{"start":{"line":43,"column":8},"end":{"line":43,"column":51}},"12":{"start":{"line":45,"column":8},"end":{"line":51,"column":9}},"13":{"start":{"line":46,"column":12},"end":{"line":46,"column":57}},"14":{"start":{"line":48,"column":12},"end":{"line":48,"column":35}},"15":{"start":{"line":49,"column":12},"end":{"line":49,"column":49}},"16":{"start":{"line":50,"column":12},"end":{"line":50,"column":43}}},"branchMap":{"1":{"line":25,"type":"binary-expr","locations":[{"start":{"line":25,"column":23},"end":{"line":25,"column":62}},{"start":{"line":26,"column":20},"end":{"line":26,"column":70}},{"start":{"line":27,"column":20},"end":{"line":27,"column":71}},{"start":{"line":28,"column":20},"end":{"line":28,"column":29}}]},"2":{"line":30,"type":"binary-expr","locations":[{"start":{"line":30,"column":23},"end":{"line":30,"column":37}},{"start":{"line":31,"column":20},"end":{"line":31,"column":61}},{"start":{"line":32,"column":20},"end":{"line":32,"column":70}},{"start":{"line":33,"column":20},"end":{"line":33,"column":26}}]},"3":{"line":37,"type":"cond-expr","locations":[{"start":{"line":38,"column":14},"end":{"line":38,"column":20}},{"start":{"line":39,"column":14},"end":{"line":39,"column":20}}]},"4":{"line":41,"type":"binary-expr","locations":[{"start":{"line":41,"column":16},"end":{"line":41,"column":44}},{"start":{"line":41,"column":48},"end":{"line":41,"column":53}}]},"5":{"line":45,"type":"if","locations":[{"start":{"line":45,"column":8},"end":{"line":45,"column":8}},{"start":{"line":45,"column":8},"end":{"line":45,"column":8}}]}},"code":["/* istanbul instrument in package npmtest_sprity */","/*jslint","    bitwise: true,","    browser: true,","    maxerr: 8,","    maxlen: 96,","    node: true,","    nomen: true,","    regexp: true,","    stupid: true","*/","(function () {","    'use strict';","    var local;","","","","    // run shared js-env code - init-before","    (function () {","        // init local","        local = {};","        // init modeJs","        local.modeJs = (function () {","            try {","                return typeof navigator.userAgent === 'string' &&","                    typeof document.querySelector('body') === 'object' &&","                    typeof XMLHttpRequest.prototype.open === 'function' &&","                    'browser';","            } catch (errorCaughtBrowser) {","                return module.exports &&","                    typeof process.versions.node === 'string' &&","                    typeof require('http').createServer === 'function' &&","                    'node';","            }","        }());","        // init global","        local.global = local.modeJs === 'browser'","            ? window","            : global;","        // init utility2_rollup","        local = local.global.utility2_rollup || local;","        // init lib","        local.local = local.npmtest_sprity = local;","        // init exports","        if (local.modeJs === 'browser') {","            local.global.utility2_npmtest_sprity = local;","        } else {","            module.exports = local;","            module.exports.__dirname = __dirname;","            module.exports.module = module;","        }","    }());","}());",""],"l":{"12":2,"14":2,"19":2,"21":2,"23":2,"24":2,"25":2,"30":1,"37":2,"41":2,"43":2,"45":2,"46":1,"48":1,"49":1,"50":1}},"/home/travis/build/npmtest/node-npmtest-sprity/example.js":{"path":"/home/travis/build/npmtest/node-npmtest-sprity/example.js","s":{"1":2,"2":2,"3":2,"4":2,"5":2,"6":2,"7":2,"8":1,"9":2,"10":2,"11":2,"12":2,"13":1,"14":2,"15":2,"16":2,"17":2,"18":2,"19":0,"20":2,"21":1,"22":1,"23":1,"24":1,"25":1,"26":0,"27":0,"28":1,"29":1,"30":2,"31":0,"32":0,"33":0,"34":1,"35":2,"36":2,"37":3,"38":3,"39":3,"40":3,"41":0,"42":3,"43":3,"44":3,"45":1,"46":3,"47":1,"48":1,"49":1,"50":1,"51":1,"52":1,"53":1,"54":1,"55":1,"56":1,"57":0,"58":1,"59":6,"60":6,"61":1,"62":2,"63":0,"64":2,"65":1,"66":1,"67":0,"68":0,"69":0,"70":0,"71":0,"72":0,"73":0,"74":0,"75":0,"76":0,"77":0,"78":0,"79":0,"80":0,"81":0,"82":0,"83":0},"b":{"1":[2,1,1,1],"2":[1,1,1,1],"3":[1,1],"4":[2,2],"5":[1,1],"6":[1,1],"7":[2,0],"8":[2,1,1,1,1,1],"9":[0,2,0],"10":[1,1],"11":[2,1,1],"12":[1,0],"13":[0,2],"14":[2,0,0,0,0,0,0],"15":[0,3],"16":[3,0],"17":[1,1],"18":[0,1],"19":[1,2,0,2],"20":[1,0],"21":[1,1],"22":[0,0],"23":[0,0],"24":[0,0],"25":[0,0],"26":[0,0],"27":[0,0],"28":[0,0]},"f":{"1":2,"2":2,"3":2,"4":2,"5":2,"6":2,"7":3,"8":3,"9":3,"10":1,"11":6,"12":0},"fnMap":{"1":{"name":"(anonymous_1)","line":26,"loc":{"start":{"line":26,"column":1},"end":{"line":26,"column":13}}},"2":{"name":"(anonymous_2)","line":33,"loc":{"start":{"line":33,"column":5},"end":{"line":33,"column":17}}},"3":{"name":"(anonymous_3)","line":37,"loc":{"start":{"line":37,"column":24},"end":{"line":37,"column":36}}},"4":{"name":"(anonymous_4)","line":69,"loc":{"start":{"line":69,"column":31},"end":{"line":69,"column":48}},"skip":true},"5":{"name":"(anonymous_5)","line":78,"loc":{"start":{"line":78,"column":26},"end":{"line":78,"column":45}},"skip":true},"6":{"name":"(anonymous_6)","line":123,"loc":{"start":{"line":123,"column":33},"end":{"line":123,"column":48}},"skip":true},"7":{"name":"(anonymous_7)","line":125,"loc":{"start":{"line":125,"column":27},"end":{"line":125,"column":39}},"skip":true},"8":{"name":"(anonymous_8)","line":133,"loc":{"start":{"line":133,"column":59},"end":{"line":133,"column":74}},"skip":true},"9":{"name":"(anonymous_9)","line":143,"loc":{"start":{"line":143,"column":45},"end":{"line":143,"column":62}},"skip":true},"10":{"name":"(anonymous_10)","line":144,"loc":{"start":{"line":144,"column":73},"end":{"line":144,"column":92}},"skip":true},"11":{"name":"(anonymous_11)","line":272,"loc":{"start":{"line":272,"column":51},"end":{"line":272,"column":77}},"skip":true},"12":{"name":"(anonymous_12)","line":315,"loc":{"start":{"line":315,"column":32},"end":{"line":315,"column":61}},"skip":true}},"statementMap":{"1":{"start":{"line":26,"column":0},"end":{"line":326,"column":5}},"2":{"start":{"line":28,"column":4},"end":{"line":28,"column":14}},"3":{"start":{"line":33,"column":4},"end":{"line":60,"column":9}},"4":{"start":{"line":35,"column":8},"end":{"line":35,"column":19}},"5":{"start":{"line":37,"column":8},"end":{"line":49,"column":13}},"6":{"start":{"line":38,"column":12},"end":{"line":48,"column":13}},"7":{"start":{"line":39,"column":16},"end":{"line":42,"column":30}},"8":{"start":{"line":44,"column":16},"end":{"line":47,"column":27}},"9":{"start":{"line":51,"column":8},"end":{"line":53,"column":21}},"10":{"start":{"line":55,"column":8},"end":{"line":57,"column":45}},"11":{"start":{"line":59,"column":8},"end":{"line":59,"column":35}},"12":{"start":{"line":61,"column":4},"end":{"line":325,"column":5}},"13":{"start":{"line":69,"column":8},"end":{"line":121,"column":10},"skip":true},"14":{"start":{"line":70,"column":12},"end":{"line":88,"column":13},"skip":true},"15":{"start":{"line":76,"column":16},"end":{"line":87,"column":19},"skip":true},"16":{"start":{"line":79,"column":20},"end":{"line":86,"column":21},"skip":true},"17":{"start":{"line":82,"column":24},"end":{"line":82,"column":43},"skip":true},"18":{"start":{"line":83,"column":24},"end":{"line":83,"column":30},"skip":true},"19":{"start":{"line":85,"column":24},"end":{"line":85,"column":49},"skip":true},"20":{"start":{"line":89,"column":12},"end":{"line":107,"column":13},"skip":true},"21":{"start":{"line":92,"column":16},"end":{"line":102,"column":17},"skip":true},"22":{"start":{"line":93,"column":20},"end":{"line":93,"column":86},"skip":true},"23":{"start":{"line":94,"column":20},"end":{"line":95,"column":45},"skip":true},"24":{"start":{"line":96,"column":20},"end":{"line":96,"column":42},"skip":true},"25":{"start":{"line":97,"column":20},"end":{"line":97,"column":48},"skip":true},"26":{"start":{"line":100,"column":20},"end":{"line":100,"column":85},"skip":true},"27":{"start":{"line":101,"column":20},"end":{"line":101,"column":96},"skip":true},"28":{"start":{"line":103,"column":16},"end":{"line":103,"column":22},"skip":true},"29":{"start":{"line":106,"column":16},"end":{"line":106,"column":22},"skip":true},"30":{"start":{"line":108,"column":12},"end":{"line":120,"column":13},"skip":true},"31":{"start":{"line":114,"column":16},"end":{"line":119,"column":17},"skip":true},"32":{"start":{"line":116,"column":20},"end":{"line":116,"column":78},"skip":true},"33":{"start":{"line":118,"column":20},"end":{"line":118,"column":47},"skip":true},"34":{"start":{"line":123,"column":8},"end":{"line":141,"column":11},"skip":true},"35":{"start":{"line":124,"column":12},"end":{"line":124,"column":54},"skip":true},"36":{"start":{"line":125,"column":12},"end":{"line":140,"column":14},"skip":true},"37":{"start":{"line":126,"column":16},"end":{"line":126,"column":28},"skip":true},"38":{"start":{"line":127,"column":16},"end":{"line":127,"column":69},"skip":true},"39":{"start":{"line":128,"column":16},"end":{"line":128,"column":75},"skip":true},"40":{"start":{"line":129,"column":16},"end":{"line":131,"column":17},"skip":true},"41":{"start":{"line":130,"column":20},"end":{"line":130,"column":27},"skip":true},"42":{"start":{"line":133,"column":16},"end":{"line":137,"column":36},"skip":true},"43":{"start":{"line":134,"column":20},"end":{"line":136,"column":55},"skip":true},"44":{"start":{"line":139,"column":16},"end":{"line":139,"column":57},"skip":true},"45":{"start":{"line":143,"column":8},"end":{"line":147,"column":11},"skip":true},"46":{"start":{"line":144,"column":12},"end":{"line":146,"column":15},"skip":true},"47":{"start":{"line":145,"column":16},"end":{"line":145,"column":70},"skip":true},"48":{"start":{"line":149,"column":8},"end":{"line":149,"column":31},"skip":true},"49":{"start":{"line":150,"column":8},"end":{"line":150,"column":14},"skip":true},"50":{"start":{"line":158,"column":8},"end":{"line":158,"column":31},"skip":true},"51":{"start":{"line":160,"column":8},"end":{"line":160,"column":33},"skip":true},"52":{"start":{"line":161,"column":8},"end":{"line":161,"column":37},"skip":true},"53":{"start":{"line":162,"column":8},"end":{"line":162,"column":35},"skip":true},"54":{"start":{"line":164,"column":8},"end":{"line":164,"column":50},"skip":true},"55":{"start":{"line":166,"column":8},"end":{"line":256,"column":2},"skip":true},"56":{"start":{"line":258,"column":8},"end":{"line":286,"column":9},"skip":true},"57":{"start":{"line":259,"column":12},"end":{"line":269,"column":14},"skip":true},"58":{"start":{"line":271,"column":12},"end":{"line":285,"column":19},"skip":true},"59":{"start":{"line":274,"column":20},"end":{"line":274,"column":35},"skip":true},"60":{"start":{"line":275,"column":20},"end":{"line":284,"column":21},"skip":true},"61":{"start":{"line":277,"column":24},"end":{"line":277,"column":64},"skip":true},"62":{"start":{"line":279,"column":24},"end":{"line":279,"column":40},"skip":true},"63":{"start":{"line":281,"column":24},"end":{"line":281,"column":40},"skip":true},"64":{"start":{"line":283,"column":24},"end":{"line":283,"column":39},"skip":true},"65":{"start":{"line":288,"column":8},"end":{"line":290,"column":9},"skip":true},"66":{"start":{"line":289,"column":12},"end":{"line":289,"column":18},"skip":true},"67":{"start":{"line":291,"column":8},"end":{"line":293,"column":54},"skip":true},"68":{"start":{"line":296,"column":8},"end":{"line":301,"column":37},"skip":true},"69":{"start":{"line":303,"column":8},"end":{"line":303,"column":82},"skip":true},"70":{"start":{"line":306,"column":8},"end":{"line":308,"column":9},"skip":true},"71":{"start":{"line":307,"column":12},"end":{"line":307,"column":82},"skip":true},"72":{"start":{"line":310,"column":8},"end":{"line":312,"column":9},"skip":true},"73":{"start":{"line":311,"column":12},"end":{"line":311,"column":18},"skip":true},"74":{"start":{"line":313,"column":8},"end":{"line":313,"column":54},"skip":true},"75":{"start":{"line":314,"column":8},"end":{"line":314,"column":69},"skip":true},"76":{"start":{"line":315,"column":8},"end":{"line":323,"column":36},"skip":true},"77":{"start":{"line":316,"column":12},"end":{"line":316,"column":61},"skip":true},"78":{"start":{"line":317,"column":12},"end":{"line":320,"column":13},"skip":true},"79":{"start":{"line":318,"column":16},"end":{"line":318,"column":75},"skip":true},"80":{"start":{"line":319,"column":16},"end":{"line":319,"column":23},"skip":true},"81":{"start":{"line":321,"column":12},"end":{"line":321,"column":38},"skip":true},"82":{"start":{"line":322,"column":12},"end":{"line":322,"column":27},"skip":true},"83":{"start":{"line":324,"column":8},"end":{"line":324,"column":14},"skip":true}},"branchMap":{"1":{"line":39,"type":"binary-expr","locations":[{"start":{"line":39,"column":23},"end":{"line":39,"column":62}},{"start":{"line":40,"column":20},"end":{"line":40,"column":70}},{"start":{"line":41,"column":20},"end":{"line":41,"column":71}},{"start":{"line":42,"column":20},"end":{"line":42,"column":29}}]},"2":{"line":44,"type":"binary-expr","locations":[{"start":{"line":44,"column":23},"end":{"line":44,"column":37}},{"start":{"line":45,"column":20},"end":{"line":45,"column":61}},{"start":{"line":46,"column":20},"end":{"line":46,"column":70}},{"start":{"line":47,"column":20},"end":{"line":47,"column":26}}]},"3":{"line":51,"type":"cond-expr","locations":[{"start":{"line":52,"column":14},"end":{"line":52,"column":20}},{"start":{"line":53,"column":14},"end":{"line":53,"column":20}}]},"4":{"line":55,"type":"binary-expr","locations":[{"start":{"line":55,"column":16},"end":{"line":55,"column":44}},{"start":{"line":55,"column":49},"end":{"line":57,"column":43}}]},"5":{"line":55,"type":"cond-expr","locations":[{"start":{"line":56,"column":14},"end":{"line":56,"column":50}},{"start":{"line":57,"column":14},"end":{"line":57,"column":43}}]},"6":{"line":61,"type":"switch","locations":[{"start":{"line":68,"column":4},"end":{"line":150,"column":14},"skip":true},{"start":{"line":156,"column":4},"end":{"line":324,"column":14},"skip":true}]},"7":{"line":70,"type":"if","locations":[{"start":{"line":70,"column":12},"end":{"line":70,"column":12},"skip":true},{"start":{"line":70,"column":12},"end":{"line":70,"column":12},"skip":true}]},"8":{"line":70,"type":"binary-expr","locations":[{"start":{"line":70,"column":16},"end":{"line":70,"column":22},"skip":true},{"start":{"line":70,"column":27},"end":{"line":70,"column":32},"skip":true},{"start":{"line":71,"column":20},"end":{"line":71,"column":39},"skip":true},{"start":{"line":72,"column":20},"end":{"line":72,"column":49},"skip":true},{"start":{"line":73,"column":20},"end":{"line":73,"column":58},"skip":true},{"start":{"line":74,"column":20},"end":{"line":74,"column":69},"skip":true}]},"9":{"line":79,"type":"switch","locations":[{"start":{"line":80,"column":20},"end":{"line":80,"column":33},"skip":true},{"start":{"line":81,"column":20},"end":{"line":83,"column":30},"skip":true},{"start":{"line":84,"column":20},"end":{"line":85,"column":49},"skip":true}]},"10":{"line":89,"type":"switch","locations":[{"start":{"line":90,"column":12},"end":{"line":103,"column":22},"skip":true},{"start":{"line":105,"column":12},"end":{"line":106,"column":22},"skip":true}]},"11":{"line":89,"type":"binary-expr","locations":[{"start":{"line":89,"column":20},"end":{"line":89,"column":25},"skip":true},{"start":{"line":89,"column":29},"end":{"line":89,"column":48},"skip":true},{"start":{"line":89,"column":52},"end":{"line":89,"column":74},"skip":true}]},"12":{"line":92,"type":"if","locations":[{"start":{"line":92,"column":16},"end":{"line":92,"column":16},"skip":true},{"start":{"line":92,"column":16},"end":{"line":92,"column":16},"skip":true}]},"13":{"line":108,"type":"if","locations":[{"start":{"line":108,"column":12},"end":{"line":108,"column":12},"skip":true},{"start":{"line":108,"column":12},"end":{"line":108,"column":12},"skip":true}]},"14":{"line":108,"type":"binary-expr","locations":[{"start":{"line":108,"column":16},"end":{"line":108,"column":61},"skip":true},{"start":{"line":108,"column":66},"end":{"line":108,"column":72},"skip":true},{"start":{"line":108,"column":77},"end":{"line":108,"column":82},"skip":true},{"start":{"line":109,"column":20},"end":{"line":109,"column":39},"skip":true},{"start":{"line":110,"column":20},"end":{"line":110,"column":49},"skip":true},{"start":{"line":111,"column":20},"end":{"line":111,"column":58},"skip":true},{"start":{"line":112,"column":20},"end":{"line":112,"column":68},"skip":true}]},"15":{"line":129,"type":"if","locations":[{"start":{"line":129,"column":16},"end":{"line":129,"column":16},"skip":true},{"start":{"line":129,"column":16},"end":{"line":129,"column":16},"skip":true}]},"16":{"line":134,"type":"cond-expr","locations":[{"start":{"line":135,"column":26},"end":{"line":135,"column":29},"skip":true},{"start":{"line":136,"column":26},"end":{"line":136,"column":54},"skip":true}]},"17":{"line":164,"type":"binary-expr","locations":[{"start":{"line":164,"column":27},"end":{"line":164,"column":43},"skip":true},{"start":{"line":164,"column":47},"end":{"line":164,"column":49},"skip":true}]},"18":{"line":258,"type":"if","locations":[{"start":{"line":258,"column":8},"end":{"line":258,"column":8},"skip":true},{"start":{"line":258,"column":8},"end":{"line":258,"column":8},"skip":true}]},"19":{"line":275,"type":"switch","locations":[{"start":{"line":276,"column":20},"end":{"line":277,"column":64},"skip":true},{"start":{"line":278,"column":20},"end":{"line":279,"column":40},"skip":true},{"start":{"line":280,"column":20},"end":{"line":281,"column":40},"skip":true},{"start":{"line":282,"column":20},"end":{"line":283,"column":39},"skip":true}]},"20":{"line":288,"type":"if","locations":[{"start":{"line":288,"column":8},"end":{"line":288,"column":8},"skip":true},{"start":{"line":288,"column":8},"end":{"line":288,"column":8},"skip":true}]},"21":{"line":288,"type":"binary-expr","locations":[{"start":{"line":288,"column":12},"end":{"line":288,"column":40},"skip":true},{"start":{"line":288,"column":44},"end":{"line":288,"column":67},"skip":true}]},"22":{"line":292,"type":"binary-expr","locations":[{"start":{"line":292,"column":12},"end":{"line":292,"column":50},"skip":true},{"start":{"line":293,"column":12},"end":{"line":293,"column":53},"skip":true}]},"23":{"line":297,"type":"binary-expr","locations":[{"start":{"line":297,"column":12},"end":{"line":297,"column":64},"skip":true},{"start":{"line":298,"column":12},"end":{"line":301,"column":36},"skip":true}]},"24":{"line":303,"type":"binary-expr","locations":[{"start":{"line":303,"column":43},"end":{"line":303,"column":75},"skip":true},{"start":{"line":303,"column":79},"end":{"line":303,"column":81},"skip":true}]},"25":{"line":306,"type":"if","locations":[{"start":{"line":306,"column":8},"end":{"line":306,"column":8},"skip":true},{"start":{"line":306,"column":8},"end":{"line":306,"column":8},"skip":true}]},"26":{"line":310,"type":"if","locations":[{"start":{"line":310,"column":8},"end":{"line":310,"column":8},"skip":true},{"start":{"line":310,"column":8},"end":{"line":310,"column":8},"skip":true}]},"27":{"line":313,"type":"binary-expr","locations":[{"start":{"line":313,"column":27},"end":{"line":313,"column":43},"skip":true},{"start":{"line":313,"column":47},"end":{"line":313,"column":53},"skip":true}]},"28":{"line":317,"type":"if","locations":[{"start":{"line":317,"column":12},"end":{"line":317,"column":12},"skip":true},{"start":{"line":317,"column":12},"end":{"line":317,"column":12},"skip":true}]}},"code":["/*","example.js","","quickstart example","","instruction","    1. save this script as example.js","    2. run the shell command:","        $ npm install npmtest-sprity && PORT=8081 node example.js","    3. play with the browser-demo on http://127.0.0.1:8081","*/","","","","/* istanbul instrument in package npmtest_sprity */","/*jslint","    bitwise: true,","    browser: true,","    maxerr: 8,","    maxlen: 96,","    node: true,","    nomen: true,","    regexp: true,","    stupid: true","*/","(function () {","    'use strict';","    var local;","","","","    // run shared js-env code - init-before","    (function () {","        // init local","        local = {};","        // init modeJs","        local.modeJs = (function () {","            try {","                return typeof navigator.userAgent === 'string' &&","                    typeof document.querySelector('body') === 'object' &&","                    typeof XMLHttpRequest.prototype.open === 'function' &&","                    'browser';","            } catch (errorCaughtBrowser) {","                return module.exports &&","                    typeof process.versions.node === 'string' &&","                    typeof require('http').createServer === 'function' &&","                    'node';","            }","        }());","        // init global","        local.global = local.modeJs === 'browser'","            ? window","            : global;","        // init utility2_rollup","        local = local.global.utility2_rollup || (local.modeJs === 'browser'","            ? local.global.utility2_npmtest_sprity","            : global.utility2_moduleExports);","        // export local","        local.global.local = local;","    }());","    switch (local.modeJs) {","","","","    // init-after","    // run browser js-env code - init-after","    /* istanbul ignore next */","    case 'browser':","        local.testRunBrowser = function (event) {","            if (!event || (event &&","                    event.currentTarget &&","                    event.currentTarget.className &&","                    event.currentTarget.className.includes &&","                    event.currentTarget.className.includes('onreset'))) {","                // reset output","                Array.from(","                    document.querySelectorAll('body > .resettable')","                ).forEach(function (element) {","                    switch (element.tagName) {","                    case 'INPUT':","                    case 'TEXTAREA':","                        element.value = '';","                        break;","                    default:","                        element.textContent = '';","                    }","                });","            }","            switch (event && event.currentTarget && event.currentTarget.id) {","            case 'testRunButton1':","                // show tests","                if (document.querySelector('#testReportDiv1').style.display === 'none') {","                    document.querySelector('#testReportDiv1').style.display = 'block';","                    document.querySelector('#testRunButton1').textContent =","                        'hide internal test';","                    local.modeTest = true;","                    local.testRunDefault(local);","                // hide tests","                } else {","                    document.querySelector('#testReportDiv1').style.display = 'none';","                    document.querySelector('#testRunButton1').textContent = 'run internal test';","                }","                break;","            // custom-case","            default:","                break;","            }","            if (document.querySelector('#inputTextareaEval1') && (!event || (event &&","                    event.currentTarget &&","                    event.currentTarget.className &&","                    event.currentTarget.className.includes &&","                    event.currentTarget.className.includes('oneval')))) {","                // try to eval input-code","                try {","                    /*jslint evil: true*/","                    eval(document.querySelector('#inputTextareaEval1').value);","                } catch (errorCaught) {","                    console.error(errorCaught);","                }","            }","        };","        // log stderr and stdout to #outputTextareaStdout1","        ['error', 'log'].forEach(function (key) {","            console[key + '_original'] = console[key];","            console[key] = function () {","                var element;","                console[key + '_original'].apply(console, arguments);","                element = document.querySelector('#outputTextareaStdout1');","                if (!element) {","                    return;","                }","                // append text to #outputTextareaStdout1","                element.value += Array.from(arguments).map(function (arg) {","                    return typeof arg === 'string'","                        ? arg","                        : JSON.stringify(arg, null, 4);","                }).join(' ') + '\\n';","                // scroll textarea to bottom","                element.scrollTop = element.scrollHeight;","            };","        });","        // init event-handling","        ['change', 'click', 'keyup'].forEach(function (event) {","            Array.from(document.querySelectorAll('.on' + event)).forEach(function (element) {","                element.addEventListener(event, local.testRunBrowser);","            });","        });","        // run tests","        local.testRunBrowser();","        break;","","","","    // run node js-env code - init-after","    /* istanbul ignore next */","    case 'node':","        // export local","        module.exports = local;","        // require modules","        local.fs = require('fs');","        local.http = require('http');","        local.url = require('url');","        // init assets","        local.assetsDict = local.assetsDict || {};","        /* jslint-ignore-begin */","        local.assetsDict['/assets.index.template.html'] = '\\","<!doctype html>\\n\\","<html lang=\"en\">\\n\\","<head>\\n\\","<meta charset=\"UTF-8\">\\n\\","<meta name=\"viewport\" content=\"width=device-width, initial-scale=1\">\\n\\","<title>{{env.npm_package_name}} (v{{env.npm_package_version}})</title>\\n\\","<style>\\n\\","/*csslint\\n\\","    box-sizing: false,\\n\\","    universal-selector: false\\n\\","*/\\n\\","* {\\n\\","    box-sizing: border-box;\\n\\","}\\n\\","body {\\n\\","    background: #dde;\\n\\","    font-family: Arial, Helvetica, sans-serif;\\n\\","    margin: 2rem;\\n\\","}\\n\\","body > * {\\n\\","    margin-bottom: 1rem;\\n\\","}\\n\\",".utility2FooterDiv {\\n\\","    margin-top: 20px;\\n\\","    text-align: center;\\n\\","}\\n\\","</style>\\n\\","<style>\\n\\","/*csslint\\n\\","*/\\n\\","textarea {\\n\\","    font-family: monospace;\\n\\","    height: 10rem;\\n\\","    width: 100%;\\n\\","}\\n\\","textarea[readonly] {\\n\\","    background: #ddd;\\n\\","}\\n\\","</style>\\n\\","</head>\\n\\","<body>\\n\\","<!-- utility2-comment\\n\\","<div id=\"ajaxProgressDiv1\" style=\"background: #d00; height: 2px; left: 0; margin: 0; padding: 0; position: fixed; top: 0; transition: background 0.5s, width 1.5s; width: 25%;\"></div>\\n\\","utility2-comment -->\\n\\","<h1>\\n\\","<!-- utility2-comment\\n\\","    <a\\n\\","        {{#if env.npm_package_homepage}}\\n\\","        href=\"{{env.npm_package_homepage}}\"\\n\\","        {{/if env.npm_package_homepage}}\\n\\","        target=\"_blank\"\\n\\","    >\\n\\","utility2-comment -->\\n\\","        {{env.npm_package_name}} (v{{env.npm_package_version}})\\n\\","<!-- utility2-comment\\n\\","    </a>\\n\\","utility2-comment -->\\n\\","</h1>\\n\\","<h3>{{env.npm_package_description}}</h3>\\n\\","<!-- utility2-comment\\n\\","<h4><a download href=\"assets.app.js\">download standalone app</a></h4>\\n\\","<button class=\"onclick onreset\" id=\"testRunButton1\">run internal test</button><br>\\n\\","<div id=\"testReportDiv1\" style=\"display: none;\"></div>\\n\\","utility2-comment -->\\n\\","\\n\\","\\n\\","\\n\\","<label>stderr and stdout</label>\\n\\","<textarea class=\"resettable\" id=\"outputTextareaStdout1\" readonly></textarea>\\n\\","<!-- utility2-comment\\n\\","{{#if isRollup}}\\n\\","<script src=\"assets.app.js\"></script>\\n\\","{{#unless isRollup}}\\n\\","utility2-comment -->\\n\\","<script src=\"assets.utility2.rollup.js\"></script>\\n\\","<script src=\"jsonp.utility2._stateInit?callback=window.utility2._stateInit\"></script>\\n\\","<script src=\"assets.npmtest_sprity.rollup.js\"></script>\\n\\","<script src=\"assets.example.js\"></script>\\n\\","<script src=\"assets.test.js\"></script>\\n\\","<!-- utility2-comment\\n\\","{{/if isRollup}}\\n\\","utility2-comment -->\\n\\","<div class=\"utility2FooterDiv\">\\n\\","    [ this app was created with\\n\\","    <a href=\"https://github.com/kaizhu256/node-utility2\" target=\"_blank\">utility2</a>\\n\\","    ]\\n\\","</div>\\n\\","</body>\\n\\","</html>\\n\\","';","        /* jslint-ignore-end */","        if (local.templateRender) {","            local.assetsDict['/'] = local.templateRender(","                local.assetsDict['/assets.index.template.html'],","                {","                    env: local.objectSetDefault(local.env, {","                        npm_package_description: 'the greatest app in the world!',","                        npm_package_name: 'my-app',","                        npm_package_nameAlias: 'my_app',","                        npm_package_version: '0.0.1'","                    })","                }","            );","        } else {","            local.assetsDict['/'] = local.assetsDict['/assets.index.template.html']","                .replace((/\\{\\{env\\.(\\w+?)\\}\\}/g), function (match0, match1) {","                    // jslint-hack","                    String(match0);","                    switch (match1) {","                    case 'npm_package_description':","                        return 'the greatest app in the world!';","                    case 'npm_package_name':","                        return 'my-app';","                    case 'npm_package_nameAlias':","                        return 'my_app';","                    case 'npm_package_version':","                        return '0.0.1';","                    }","                });","        }","        // run the cli","        if (local.global.utility2_rollup || module !== require.main) {","            break;","        }","        local.assetsDict['/assets.example.js'] =","            local.assetsDict['/assets.example.js'] ||","            local.fs.readFileSync(__filename, 'utf8');","        // bug-workaround - long $npm_package_buildCustomOrg","        /* jslint-ignore-begin */","        local.assetsDict['/assets.npmtest_sprity.rollup.js'] =","            local.assetsDict['/assets.npmtest_sprity.rollup.js'] ||","            local.fs.readFileSync(","                local.npmtest_sprity.__dirname + '/lib.npmtest_sprity.js',","                'utf8'","            ).replace((/^#!/), '//');","        /* jslint-ignore-end */","        local.assetsDict['/favicon.ico'] = local.assetsDict['/favicon.ico'] || '';","        // if $npm_config_timeout_exit exists,","        // then exit this process after $npm_config_timeout_exit ms","        if (Number(process.env.npm_config_timeout_exit)) {","            setTimeout(process.exit, Number(process.env.npm_config_timeout_exit));","        }","        // start server","        if (local.global.utility2_serverHttp1) {","            break;","        }","        process.env.PORT = process.env.PORT || '8081';","        console.error('server starting on port ' + process.env.PORT);","        local.http.createServer(function (request, response) {","            request.urlParsed = local.url.parse(request.url);","            if (local.assetsDict[request.urlParsed.pathname] !== undefined) {","                response.end(local.assetsDict[request.urlParsed.pathname]);","                return;","            }","            response.statusCode = 404;","            response.end();","        }).listen(process.env.PORT);","        break;","    }","}());",""],"l":{"26":2,"28":2,"33":2,"35":2,"37":2,"38":2,"39":2,"44":1,"51":2,"55":2,"59":2,"61":2,"69":1,"70":2,"76":2,"79":2,"82":2,"83":2,"85":1,"89":2,"92":1,"93":1,"94":1,"96":1,"97":1,"100":1,"101":1,"103":1,"106":1,"108":2,"114":1,"116":1,"118":1,"123":1,"124":2,"125":2,"126":3,"127":3,"128":3,"129":3,"130":1,"133":3,"134":3,"139":3,"143":1,"144":3,"145":1,"149":1,"150":1,"158":1,"160":1,"161":1,"162":1,"164":1,"166":1,"258":1,"259":1,"271":1,"274":6,"275":6,"277":1,"279":2,"281":1,"283":2,"288":1,"289":1,"291":1,"296":1,"303":1,"306":1,"307":1,"310":1,"311":1,"313":1,"314":1,"315":1,"316":1,"317":1,"318":1,"319":1,"321":1,"322":1,"324":1}},"/home/travis/build/npmtest/node-npmtest-sprity/node_modules/sprity/index.js":{"path":"/home/travis/build/npmtest/node-npmtest-sprity/node_modules/sprity/index.js","s":{"1":1,"2":1,"3":1,"4":1,"5":1,"6":1,"7":1,"8":1,"9":1,"10":1,"11":1,"12":1,"13":1,"14":0,"15":0,"16":0,"17":1,"18":0,"19":0,"20":0,"21":0,"22":1,"23":0,"24":0,"25":0,"26":0,"27":0,"28":0,"29":0,"30":0,"31":0,"32":0,"33":0,"34":0,"35":0,"36":0,"37":0,"38":0},"b":{"1":[0,0],"2":[0,0],"3":[0,0],"4":[0,0],"5":[0,0],"6":[0,0]},"f":{"1":0,"2":0,"3":0,"4":0,"5":0,"6":0,"7":0,"8":0,"9":0,"10":0,"11":0},"fnMap":{"1":{"name":"(anonymous_1)","line":13,"loc":{"start":{"line":13,"column":11},"end":{"line":13,"column":23}}},"2":{"name":"(anonymous_2)","line":43,"loc":{"start":{"line":43,"column":18},"end":{"line":43,"column":30}}},"3":{"name":"(anonymous_3)","line":44,"loc":{"start":{"line":44,"column":9},"end":{"line":44,"column":24}}},"4":{"name":"(anonymous_4)","line":50,"loc":{"start":{"line":50,"column":26},"end":{"line":50,"column":40}}},"5":{"name":"(anonymous_5)","line":51,"loc":{"start":{"line":51,"column":9},"end":{"line":51,"column":24}}},"6":{"name":"(anonymous_6)","line":63,"loc":{"start":{"line":63,"column":10},"end":{"line":63,"column":27}}},"7":{"name":"(anonymous_7)","line":70,"loc":{"start":{"line":70,"column":21},"end":{"line":70,"column":37}}},"8":{"name":"(anonymous_8)","line":74,"loc":{"start":{"line":74,"column":17},"end":{"line":74,"column":29}}},"9":{"name":"(anonymous_9)","line":83,"loc":{"start":{"line":83,"column":7},"end":{"line":83,"column":20}}},"10":{"name":"(anonymous_10)","line":90,"loc":{"start":{"line":90,"column":19},"end":{"line":90,"column":31}}},"11":{"name":"(anonymous_11)","line":105,"loc":{"start":{"line":105,"column":21},"end":{"line":105,"column":45}}}},"statementMap":{"1":{"start":{"line":3,"column":0},"end":{"line":3,"column":26}},"2":{"start":{"line":4,"column":0},"end":{"line":4,"column":30}},"3":{"start":{"line":5,"column":0},"end":{"line":5,"column":41}},"4":{"start":{"line":6,"column":0},"end":{"line":6,"column":39}},"5":{"start":{"line":8,"column":0},"end":{"line":8,"column":33}},"6":{"start":{"line":9,"column":0},"end":{"line":9,"column":37}},"7":{"start":{"line":10,"column":0},"end":{"line":10,"column":37}},"8":{"start":{"line":11,"column":0},"end":{"line":11,"column":35}},"9":{"start":{"line":12,"column":0},"end":{"line":12,"column":40}},"10":{"start":{"line":13,"column":0},"end":{"line":13,"column":26}},"11":{"start":{"line":14,"column":0},"end":{"line":14,"column":17}},"12":{"start":{"line":16,"column":0},"end":{"line":41,"column":2}},"13":{"start":{"line":43,"column":0},"end":{"line":48,"column":2}},"14":{"start":{"line":44,"column":2},"end":{"line":47,"column":4}},"15":{"start":{"line":45,"column":4},"end":{"line":45,"column":17}},"16":{"start":{"line":46,"column":4},"end":{"line":46,"column":19}},"17":{"start":{"line":50,"column":0},"end":{"line":57,"column":2}},"18":{"start":{"line":51,"column":2},"end":{"line":56,"column":4}},"19":{"start":{"line":52,"column":4},"end":{"line":52,"column":17}},"20":{"start":{"line":53,"column":4},"end":{"line":55,"column":5}},"21":{"start":{"line":54,"column":6},"end":{"line":54,"column":14}},"22":{"start":{"line":59,"column":0},"end":{"line":116,"column":2}},"23":{"start":{"line":64,"column":4},"end":{"line":66,"column":5}},"24":{"start":{"line":65,"column":6},"end":{"line":65,"column":44}},"25":{"start":{"line":68,"column":4},"end":{"line":78,"column":9}},"26":{"start":{"line":71,"column":8},"end":{"line":71,"column":25}},"27":{"start":{"line":75,"column":8},"end":{"line":77,"column":9}},"28":{"start":{"line":76,"column":10},"end":{"line":76,"column":15}},"29":{"start":{"line":84,"column":4},"end":{"line":86,"column":5}},"30":{"start":{"line":85,"column":6},"end":{"line":85,"column":41}},"31":{"start":{"line":88,"column":4},"end":{"line":88,"column":41}},"32":{"start":{"line":90,"column":4},"end":{"line":92,"column":6}},"33":{"start":{"line":91,"column":6},"end":{"line":91,"column":26}},"34":{"start":{"line":94,"column":4},"end":{"line":112,"column":10}},"35":{"start":{"line":106,"column":8},"end":{"line":111,"column":9}},"36":{"start":{"line":107,"column":10},"end":{"line":107,"column":24}},"37":{"start":{"line":110,"column":10},"end":{"line":110,"column":24}},"38":{"start":{"line":114,"column":4},"end":{"line":114,"column":18}}},"branchMap":{"1":{"line":53,"type":"if","locations":[{"start":{"line":53,"column":4},"end":{"line":53,"column":4}},{"start":{"line":53,"column":4},"end":{"line":53,"column":4}}]},"2":{"line":64,"type":"if","locations":[{"start":{"line":64,"column":4},"end":{"line":64,"column":4}},{"start":{"line":64,"column":4},"end":{"line":64,"column":4}}]},"3":{"line":75,"type":"if","locations":[{"start":{"line":75,"column":8},"end":{"line":75,"column":8}},{"start":{"line":75,"column":8},"end":{"line":75,"column":8}}]},"4":{"line":75,"type":"binary-expr","locations":[{"start":{"line":75,"column":12},"end":{"line":75,"column":28}},{"start":{"line":75,"column":32},"end":{"line":75,"column":38}}]},"5":{"line":84,"type":"if","locations":[{"start":{"line":84,"column":4},"end":{"line":84,"column":4}},{"start":{"line":84,"column":4},"end":{"line":84,"column":4}}]},"6":{"line":106,"type":"if","locations":[{"start":{"line":106,"column":8},"end":{"line":106,"column":8}},{"start":{"line":106,"column":8},"end":{"line":106,"column":8}}]}},"code":["'use strict';","","var _ = require('lodash');","var vfs = require('vinyl-fs');","var ifStream = require('ternary-stream');","var through2 = require('through2').obj;","","var tile = require('./lib/tile');","var layout = require('./lib/layout');","var sprite = require('./lib/sprite');","var style = require('./lib/style');","var toVinyl = require('./lib/to-vinyl');","var noop = function () {};","var error = null;","","var defaults = {","  'src': null,","  'out': '',","  'name': 'sprite',","  'style': null,","  'dimension': [{ratio: 1, dpi: 72}],","  'engine': 'lwip',","  'cssPath': '../images',","  'processor': 'css',","  'template': null,","  'orientation': 'vertical',","  'background': '#FFFFFF',","  'margin': 4,","  'opacity': 0,","  'sort': true,","  'split': false,","  'style-indent-char': 'space',","  'style-indent-size': 2,","  'logger': {","    log: noop,","    warn: noop,","    debug: noop,","    error: noop,","    success: noop","  }","};","","var handleError = function () {","  return function (err) {","    error = true;","    this.push(err);","  };","};","","var handleCallbackError = function (cb) {","  return function (err) {","    error = true;","    if (_.isFunction(cb)) {","      cb(err);","    }","  };","};","","module.exports = {","  /*","   *  creates sprite and style file and save them to disk","   */","  create: function (o, cb) {","    if (!o.out) {","      throw new Error('output dir missing');","    }","","    this.src(o)","      .on('error', handleCallbackError(cb))","      .pipe(vfs.dest(function (file) {","        return file.base;","      }))","      .on('error', handleCallbackError(cb))","      .on('end', function () {","        if (_.isFunction(cb) && !error) {","          cb();","        }","      });","  },","  /*","   *  returns a Readable/Writable stream of vinyl objects with sprite and style files","   */","  src: function (o) {","    if (!o.src) {","      throw new Error('src dir missing');","    }","","    var opts = _.extend({}, defaults, o);","","    var hasStyle = function () {","      return !!opts.style;","    };","","    var stream = vfs.src(opts.src)","      .pipe(tile(opts))","      .on('error', handleError())","      .pipe(layout(opts))","      .on('error', handleError())","      .pipe(sprite(opts))","      .on('error', handleError())","      .pipe(ifStream(hasStyle, style(opts)))","      .on('error', handleError())","      .pipe(toVinyl(opts))","      .on('error', handleError())","      .pipe(through2(function (obj, enc, cb) {","        if (obj instanceof Error) {","          cb(obj, null);","        }","        else {","          cb(null, obj);","        }","      }));","","    return stream;","  }","};",""],"l":{"3":1,"4":1,"5":1,"6":1,"8":1,"9":1,"10":1,"11":1,"12":1,"13":1,"14":1,"16":1,"43":1,"44":0,"45":0,"46":0,"50":1,"51":0,"52":0,"53":0,"54":0,"59":1,"64":0,"65":0,"68":0,"71":0,"75":0,"76":0,"84":0,"85":0,"88":0,"90":0,"91":0,"94":0,"106":0,"107":0,"110":0,"114":0}},"/home/travis/build/npmtest/node-npmtest-sprity/node_modules/sprity/lib/tile.js":{"path":"/home/travis/build/npmtest/node-npmtest-sprity/node_modules/sprity/lib/tile.js","s":{"1":1,"2":1,"3":1,"4":1,"5":1,"6":1,"7":1,"8":1,"9":0,"10":0,"11":0,"12":0,"13":0,"14":0,"15":0,"16":0,"17":0,"18":0,"19":0,"20":0,"21":0,"22":0,"23":0,"24":1,"25":0,"26":0,"27":0,"28":0,"29":0,"30":0,"31":0,"32":0},"b":{"1":[0,0],"2":[0,0],"3":[0,0],"4":[0,0]},"f":{"1":0,"2":0,"3":0,"4":0,"5":0,"6":0},"fnMap":{"1":{"name":"(anonymous_1)","line":12,"loc":{"start":{"line":12,"column":20},"end":{"line":12,"column":42}}},"2":{"name":"(anonymous_2)","line":13,"loc":{"start":{"line":13,"column":9},"end":{"line":13,"column":26}}},"3":{"name":"(anonymous_3)","line":49,"loc":{"start":{"line":49,"column":17},"end":{"line":49,"column":32}}},"4":{"name":"(anonymous_4)","line":52,"loc":{"start":{"line":52,"column":22},"end":{"line":52,"column":48}}},"5":{"name":"(anonymous_5)","line":59,"loc":{"start":{"line":59,"column":14},"end":{"line":59,"column":30}}},"6":{"name":"(anonymous_6)","line":62,"loc":{"start":{"line":62,"column":30},"end":{"line":62,"column":45}}}},"statementMap":{"1":{"start":{"line":3,"column":0},"end":{"line":3,"column":34}},"2":{"start":{"line":4,"column":0},"end":{"line":4,"column":35}},"3":{"start":{"line":5,"column":0},"end":{"line":5,"column":37}},"4":{"start":{"line":6,"column":0},"end":{"line":6,"column":42}},"5":{"start":{"line":7,"column":0},"end":{"line":7,"column":51}},"6":{"start":{"line":9,"column":0},"end":{"line":9,"column":34}},"7":{"start":{"line":10,"column":0},"end":{"line":10,"column":8}},"8":{"start":{"line":12,"column":0},"end":{"line":47,"column":2}},"9":{"start":{"line":13,"column":2},"end":{"line":46,"column":4}},"10":{"start":{"line":14,"column":4},"end":{"line":45,"column":5}},"11":{"start":{"line":15,"column":6},"end":{"line":15,"column":43}},"12":{"start":{"line":16,"column":6},"end":{"line":41,"column":7}},"13":{"start":{"line":17,"column":8},"end":{"line":17,"column":23}},"14":{"start":{"line":18,"column":8},"end":{"line":26,"column":9}},"15":{"start":{"line":19,"column":10},"end":{"line":19,"column":52}},"16":{"start":{"line":20,"column":10},"end":{"line":20,"column":61}},"17":{"start":{"line":21,"column":10},"end":{"line":21,"column":58}},"18":{"start":{"line":24,"column":10},"end":{"line":24,"column":28}},"19":{"start":{"line":25,"column":10},"end":{"line":25,"column":74}},"20":{"start":{"line":27,"column":8},"end":{"line":36,"column":10}},"21":{"start":{"line":37,"column":8},"end":{"line":37,"column":40}},"22":{"start":{"line":40,"column":8},"end":{"line":40,"column":72}},"23":{"start":{"line":44,"column":6},"end":{"line":44,"column":69}},"24":{"start":{"line":49,"column":0},"end":{"line":68,"column":2}},"25":{"start":{"line":50,"column":2},"end":{"line":50,"column":19}},"26":{"start":{"line":52,"column":2},"end":{"line":67,"column":5}},"27":{"start":{"line":53,"column":4},"end":{"line":66,"column":5}},"28":{"start":{"line":54,"column":6},"end":{"line":54,"column":16}},"29":{"start":{"line":57,"column":6},"end":{"line":65,"column":11}},"30":{"start":{"line":60,"column":10},"end":{"line":60,"column":25}},"31":{"start":{"line":63,"column":10},"end":{"line":63,"column":49}},"32":{"start":{"line":64,"column":10},"end":{"line":64,"column":25}}},"branchMap":{"1":{"line":14,"type":"if","locations":[{"start":{"line":14,"column":4},"end":{"line":14,"column":4}},{"start":{"line":14,"column":4},"end":{"line":14,"column":4}}]},"2":{"line":16,"type":"if","locations":[{"start":{"line":16,"column":6},"end":{"line":16,"column":6}},{"start":{"line":16,"column":6},"end":{"line":16,"column":6}}]},"3":{"line":18,"type":"if","locations":[{"start":{"line":18,"column":8},"end":{"line":18,"column":8}},{"start":{"line":18,"column":8},"end":{"line":18,"column":8}}]},"4":{"line":53,"type":"if","locations":[{"start":{"line":53,"column":4},"end":{"line":53,"column":4}},{"start":{"line":53,"column":4},"end":{"line":53,"column":4}}]}},"code":["'use strict';","","var Promise = require('bluebird');","var through2 = require('through2');","var imageinfo = require('imageinfo');","var parsePath = require('parse-filepath');","var fs = Promise.promisifyAll(require('fs-extra'));","","var Err = require('./util/error');","var log;","","var createTileObj = function (image, opt) {","  return function (stats) {","    if (stats.isFile()) {","      var info = imageinfo(image.contents);","      if (info) {","        var name, base;","        if (opt.split) {","          var imagePath = parsePath(image.relative);","          base = imagePath.dirname.replace(/\\/|\\\\|\\ /g, '-');","          name = imagePath.name.replace(/\\/|\\\\|\\ /g, '-');","        }","        else {","          base = image.base;","          name = parsePath(image.relative.replace(/\\/|\\\\|\\ /g, '-')).name;","        }","        var tileObj = {","          base: base,","          contents: image.contents,","          fileName: image.relative,","          height: info.height,","          name: name,","          path: image.path,","          type: info.format.toLowerCase(),","          width: info.width","        };","        return Promise.resolve(tileObj);","      }","      else {","        throw new Err.TileError(image.path + ' is not an image', image);","      }","    }","    else {","      throw new Err.TileError(image.path + ' does not exist', image);","    }","  };","};","","module.exports = function (opt) {","  log = opt.logger;","","  return through2.obj(function (image, enc, cb) {","    if (image instanceof Error) {","      cb(image);","    }","    else {","      fs.statAsync(image.path)","        .then(createTileObj(image, opt))","        .then(function (tile) {","          cb(null, tile);","        })","        .catch(Err.TileError, function (err) {","          log.warn('Ignoring ' + err.image.path);","          cb(null, null);","        });","    }","  });","};",""],"l":{"3":1,"4":1,"5":1,"6":1,"7":1,"9":1,"10":1,"12":1,"13":0,"14":0,"15":0,"16":0,"17":0,"18":0,"19":0,"20":0,"21":0,"24":0,"25":0,"27":0,"37":0,"40":0,"44":0,"49":1,"50":0,"52":0,"53":0,"54":0,"57":0,"60":0,"63":0,"64":0}},"/home/travis/build/npmtest/node-npmtest-sprity/node_modules/sprity/lib/util/error.js":{"path":"/home/travis/build/npmtest/node-npmtest-sprity/node_modules/sprity/lib/util/error.js","s":{"1":1,"2":0,"3":0,"4":0,"5":1,"6":1,"7":1,"8":0,"9":0,"10":0,"11":0,"12":1,"13":1,"14":1,"15":0,"16":0,"17":0,"18":1,"19":1,"20":1},"b":{"1":[0,0],"2":[0,0],"3":[0,0]},"f":{"1":0,"2":0,"3":0},"fnMap":{"1":{"name":"TileError","line":3,"loc":{"start":{"line":3,"column":0},"end":{"line":3,"column":36}}},"2":{"name":"PluggableError","line":11,"loc":{"start":{"line":11,"column":0},"end":{"line":11,"column":45}}},"3":{"name":"LayoutError","line":20,"loc":{"start":{"line":20,"column":0},"end":{"line":20,"column":31}}}},"statementMap":{"1":{"start":{"line":3,"column":0},"end":{"line":7,"column":1}},"2":{"start":{"line":4,"column":2},"end":{"line":4,"column":26}},"3":{"start":{"line":5,"column":2},"end":{"line":5,"column":52}},"4":{"start":{"line":6,"column":2},"end":{"line":6,"column":21}},"5":{"start":{"line":8,"column":0},"end":{"line":8,"column":53}},"6":{"start":{"line":9,"column":0},"end":{"line":9,"column":44}},"7":{"start":{"line":11,"column":0},"end":{"line":16,"column":1}},"8":{"start":{"line":12,"column":2},"end":{"line":12,"column":31}},"9":{"start":{"line":13,"column":2},"end":{"line":13,"column":51}},"10":{"start":{"line":14,"column":2},"end":{"line":14,"column":182}},"11":{"start":{"line":15,"column":2},"end":{"line":15,"column":29}},"12":{"start":{"line":17,"column":0},"end":{"line":17,"column":58}},"13":{"start":{"line":18,"column":0},"end":{"line":18,"column":54}},"14":{"start":{"line":20,"column":0},"end":{"line":24,"column":1}},"15":{"start":{"line":21,"column":2},"end":{"line":21,"column":28}},"16":{"start":{"line":22,"column":2},"end":{"line":22,"column":49}},"17":{"start":{"line":23,"column":2},"end":{"line":23,"column":300}},"18":{"start":{"line":25,"column":0},"end":{"line":25,"column":55}},"19":{"start":{"line":26,"column":0},"end":{"line":26,"column":48}},"20":{"start":{"line":29,"column":0},"end":{"line":33,"column":2}}},"branchMap":{"1":{"line":5,"type":"binary-expr","locations":[{"start":{"line":5,"column":17},"end":{"line":5,"column":24}},{"start":{"line":5,"column":28},"end":{"line":5,"column":51}}]},"2":{"line":13,"type":"binary-expr","locations":[{"start":{"line":13,"column":17},"end":{"line":13,"column":24}},{"start":{"line":13,"column":28},"end":{"line":13,"column":50}}]},"3":{"line":22,"type":"binary-expr","locations":[{"start":{"line":22,"column":17},"end":{"line":22,"column":24}},{"start":{"line":22,"column":28},"end":{"line":22,"column":48}}]}},"code":["'use strict';","","function TileError (message, image) {","  this.name = 'TileError';","  this.message = message || 'Error generating tile';","  this.image = image;","}","TileError.prototype = Object.create(Error.prototype);","TileError.prototype.constructor = TileError;","","function PluggableError (message, pluggable) {","  this.name = 'PluggableError';","  this.message = message || 'Error finding module';","  this.reason = 'This error gets triggered when the used image engine or style processor is not installed. For example to use sass as the style processor install sprity-sass first.';","  this.pluggable = pluggable;","}","PluggableError.prototype = Object.create(Error.prototype);","PluggableError.prototype.constructor = PluggableError;","","function LayoutError (message) {","  this.name = 'LayoutError';","  this.message = message || 'No layouts created';","  this.reason = 'This error is most likely triggered by a wrong src glob used. You need to give a glob that gets evaluated to image files. For example \\'./src/images/*.png\\' will work but \\'./src/images/\\' won\\'t.\\nYou can read more about globs here: https://github.com/isaacs/node-glob#glob-primer';","}","LayoutError.prototype = Object.create(Error.prototype);","LayoutError.prototype.constructor = LayoutError;","","","module.exports = {","  TileError: TileError,","  PluggableError: PluggableError,","  LayoutError: LayoutError","};",""],"l":{"3":1,"4":0,"5":0,"6":0,"8":1,"9":1,"11":1,"12":0,"13":0,"14":0,"15":0,"17":1,"18":1,"20":1,"21":0,"22":0,"23":0,"25":1,"26":1,"29":1}},"/home/travis/build/npmtest/node-npmtest-sprity/node_modules/sprity/lib/layout.js":{"path":"/home/travis/build/npmtest/node-npmtest-sprity/node_modules/sprity/lib/layout.js","s":{"1":1,"2":1,"3":1,"4":1,"5":1,"6":1,"7":0,"8":0,"9":0,"10":1,"11":0,"12":0,"13":0,"14":0,"15":0,"16":0,"17":0,"18":0,"19":1,"20":0,"21":0,"22":0,"23":0,"24":0,"25":0,"26":0,"27":0,"28":0,"29":0,"30":0,"31":1,"32":0,"33":0,"34":0,"35":0,"36":0,"37":0,"38":0,"39":0,"40":1,"41":0,"42":0},"b":{"1":[0,0],"2":[0,0],"3":[0,0],"4":[0,0],"5":[0,0],"6":[0,0],"7":[0,0],"8":[0,0,0,0],"9":[0,0],"10":[0,0],"11":[0,0]},"f":{"1":0,"2":0,"3":0,"4":0,"5":0,"6":0,"7":0,"8":0},"fnMap":{"1":{"name":"(anonymous_1)","line":9,"loc":{"start":{"line":9,"column":21},"end":{"line":9,"column":36}}},"2":{"name":"(anonymous_2)","line":18,"loc":{"start":{"line":18,"column":19},"end":{"line":18,"column":40}}},"3":{"name":"(anonymous_3)","line":34,"loc":{"start":{"line":34,"column":14},"end":{"line":34,"column":29}}},"4":{"name":"(anonymous_4)","line":35,"loc":{"start":{"line":35,"column":9},"end":{"line":35,"column":34}}},"5":{"name":"(anonymous_5)","line":58,"loc":{"start":{"line":58,"column":18},"end":{"line":58,"column":33}}},"6":{"name":"(anonymous_6)","line":59,"loc":{"start":{"line":59,"column":9},"end":{"line":59,"column":23}}},"7":{"name":"(anonymous_7)","line":66,"loc":{"start":{"line":66,"column":26},"end":{"line":66,"column":44}}},"8":{"name":"(anonymous_8)","line":78,"loc":{"start":{"line":78,"column":17},"end":{"line":78,"column":32}}}},"statementMap":{"1":{"start":{"line":3,"column":0},"end":{"line":3,"column":26}},"2":{"start":{"line":4,"column":0},"end":{"line":4,"column":31}},"3":{"start":{"line":5,"column":0},"end":{"line":5,"column":35}},"4":{"start":{"line":6,"column":0},"end":{"line":6,"column":27}},"5":{"start":{"line":7,"column":0},"end":{"line":7,"column":34}},"6":{"start":{"line":9,"column":0},"end":{"line":16,"column":2}},"7":{"start":{"line":10,"column":2},"end":{"line":15,"column":3}},"8":{"start":{"line":11,"column":4},"end":{"line":11,"column":22}},"9":{"start":{"line":14,"column":4},"end":{"line":14,"column":75}},"10":{"start":{"line":18,"column":0},"end":{"line":32,"column":2}},"11":{"start":{"line":19,"column":2},"end":{"line":19,"column":15}},"12":{"start":{"line":20,"column":2},"end":{"line":22,"column":3}},"13":{"start":{"line":21,"column":4},"end":{"line":21,"column":14}},"14":{"start":{"line":23,"column":2},"end":{"line":25,"column":3}},"15":{"start":{"line":24,"column":4},"end":{"line":24,"column":14}},"16":{"start":{"line":26,"column":2},"end":{"line":31,"column":3}},"17":{"start":{"line":27,"column":4},"end":{"line":27,"column":35}},"18":{"start":{"line":30,"column":4},"end":{"line":30,"column":31}},"19":{"start":{"line":34,"column":0},"end":{"line":56,"column":2}},"20":{"start":{"line":35,"column":2},"end":{"line":55,"column":4}},"21":{"start":{"line":36,"column":4},"end":{"line":54,"column":5}},"22":{"start":{"line":37,"column":6},"end":{"line":37,"column":15}},"23":{"start":{"line":40,"column":6},"end":{"line":52,"column":7}},"24":{"start":{"line":41,"column":8},"end":{"line":41,"column":68}},"25":{"start":{"line":42,"column":8},"end":{"line":44,"column":9}},"26":{"start":{"line":43,"column":10},"end":{"line":43,"column":78}},"27":{"start":{"line":45,"column":8},"end":{"line":45,"column":50}},"28":{"start":{"line":46,"column":8},"end":{"line":46,"column":48}},"29":{"start":{"line":47,"column":8},"end":{"line":51,"column":11}},"30":{"start":{"line":53,"column":6},"end":{"line":53,"column":11}},"31":{"start":{"line":58,"column":0},"end":{"line":76,"column":2}},"32":{"start":{"line":59,"column":2},"end":{"line":75,"column":4}},"33":{"start":{"line":60,"column":4},"end":{"line":60,"column":22}},"34":{"start":{"line":61,"column":4},"end":{"line":73,"column":5}},"35":{"start":{"line":62,"column":6},"end":{"line":62,"column":36}},"36":{"start":{"line":63,"column":6},"end":{"line":63,"column":30}},"37":{"start":{"line":66,"column":6},"end":{"line":72,"column":9}},"38":{"start":{"line":67,"column":8},"end":{"line":71,"column":11}},"39":{"start":{"line":74,"column":4},"end":{"line":74,"column":9}},"40":{"start":{"line":78,"column":0},"end":{"line":81,"column":2}},"41":{"start":{"line":79,"column":2},"end":{"line":79,"column":19}},"42":{"start":{"line":80,"column":2},"end":{"line":80,"column":54}}},"branchMap":{"1":{"line":10,"type":"if","locations":[{"start":{"line":10,"column":2},"end":{"line":10,"column":2}},{"start":{"line":10,"column":2},"end":{"line":10,"column":2}}]},"2":{"line":14,"type":"cond-expr","locations":[{"start":{"line":14,"column":46},"end":{"line":14,"column":58}},{"start":{"line":14,"column":61},"end":{"line":14,"column":74}}]},"3":{"line":20,"type":"if","locations":[{"start":{"line":20,"column":2},"end":{"line":20,"column":2}},{"start":{"line":20,"column":2},"end":{"line":20,"column":2}}]},"4":{"line":23,"type":"if","locations":[{"start":{"line":23,"column":2},"end":{"line":23,"column":2}},{"start":{"line":23,"column":2},"end":{"line":23,"column":2}}]},"5":{"line":26,"type":"if","locations":[{"start":{"line":26,"column":2},"end":{"line":26,"column":2}},{"start":{"line":26,"column":2},"end":{"line":26,"column":2}}]},"6":{"line":36,"type":"if","locations":[{"start":{"line":36,"column":4},"end":{"line":36,"column":4}},{"start":{"line":36,"column":4},"end":{"line":36,"column":4}}]},"7":{"line":40,"type":"if","locations":[{"start":{"line":40,"column":6},"end":{"line":40,"column":6}},{"start":{"line":40,"column":6},"end":{"line":40,"column":6}}]},"8":{"line":40,"type":"binary-expr","locations":[{"start":{"line":40,"column":10},"end":{"line":40,"column":14}},{"start":{"line":40,"column":18},"end":{"line":40,"column":27}},{"start":{"line":40,"column":31},"end":{"line":40,"column":41}},{"start":{"line":40,"column":45},"end":{"line":40,"column":56}}]},"9":{"line":41,"type":"cond-expr","locations":[{"start":{"line":41,"column":31},"end":{"line":41,"column":55}},{"start":{"line":41,"column":58},"end":{"line":41,"column":67}}]},"10":{"line":42,"type":"if","locations":[{"start":{"line":42,"column":8},"end":{"line":42,"column":8}},{"start":{"line":42,"column":8},"end":{"line":42,"column":8}}]},"11":{"line":61,"type":"if","locations":[{"start":{"line":61,"column":4},"end":{"line":61,"column":4}},{"start":{"line":61,"column":4},"end":{"line":61,"column":4}}]}},"code":["'use strict';","","var _ = require('lodash');","var layout = require('layout');","var through2 = require('through2');","var path = require('path');","var Err = require('./util/error');","","var getOrientation = function (opt) {","  if (opt.orientation === 'vertical') {","    return 'top-down';","  }","  else {","    return opt.orientation === 'horizontal' ? 'left-right' : 'binary-tree';","  }","};","","var getClassName = function (name, opt) {","  var sep = '';","  if (name === 'default') {","    name = '';","  }","  if (name.length > 0) {","    sep = '-';","  }","  if (opt.prefix) {","    return opt.prefix + sep + name;","  }","  else {","    return 'icon' + sep + name;","  }","};","","var addTile = function (opt) {","  return function (tile, enc, cb) {","    if (tile instanceof Error) {","      cb(tile);","    }","    else {","      if (tile && tile.base && tile.width && tile.height) {","        var name = opt.split ? path.basename(tile.base) : 'default';","        if (!opt.layouts[name]) {","          opt.layouts[name] = layout(getOrientation(opt), {'sort': opt.sort});","        }","        var height = tile.height + 2 * opt.margin;","        var width = tile.width + 2 * opt.margin;","        opt.layouts[name].addItem({","          height: height,","          width: width,","          meta: tile","        });","      }","      cb();","    }","  };","};","","var pushLayouts = function (opt) {","  return function (cb) {","    var stream = this;","    if (_.keys(opt.layouts).length === 0) {","      var e = new Err.LayoutError();","      stream.emit('error', e);","    }","    else {","      _.each(opt.layouts, function (l, key) {","        stream.push({","          name: key,","          classname: getClassName(key, opt),","          layout: l.export()","        });","      });","    }","    cb();","  };","};","","module.exports = function (opt) {","  opt.layouts = {};","  return through2.obj(addTile(opt), pushLayouts(opt));","};",""],"l":{"3":1,"4":1,"5":1,"6":1,"7":1,"9":1,"10":0,"11":0,"14":0,"18":1,"19":0,"20":0,"21":0,"23":0,"24":0,"26":0,"27":0,"30":0,"34":1,"35":0,"36":0,"37":0,"40":0,"41":0,"42":0,"43":0,"45":0,"46":0,"47":0,"53":0,"58":1,"59":0,"60":0,"61":0,"62":0,"63":0,"66":0,"67":0,"74":0,"78":1,"79":0,"80":0}},"/home/travis/build/npmtest/node-npmtest-sprity/node_modules/sprity/lib/sprite.js":{"path":"/home/travis/build/npmtest/node-npmtest-sprity/node_modules/sprity/lib/sprite.js","s":{"1":1,"2":1,"3":1,"4":1,"5":1,"6":1,"7":1,"8":1,"9":1,"10":1,"11":0,"12":0,"13":0,"14":0,"15":1,"16":0,"17":1,"18":0,"19":0,"20":0,"21":0,"22":0,"23":0,"24":0,"25":0,"26":1,"27":0,"28":0,"29":0,"30":0,"31":1,"32":0,"33":1,"34":0,"35":1,"36":0,"37":0,"38":0,"39":0,"40":0,"41":0,"42":0,"43":0,"44":0,"45":0,"46":0,"47":1,"48":0,"49":0,"50":1,"51":0,"52":0,"53":0,"54":0,"55":0,"56":0,"57":0,"58":0,"59":0,"60":0,"61":0,"62":0,"63":0,"64":0,"65":0,"66":1,"67":0,"68":0,"69":0,"70":0,"71":0,"72":0,"73":0,"74":0,"75":0,"76":0,"77":0,"78":0},"b":{"1":[0,0],"2":[0,0],"3":[0,0],"4":[0,0],"5":[0,0],"6":[0,0],"7":[0,0],"8":[0,0],"9":[0,0],"10":[0,0],"11":[0,0],"12":[0,0],"13":[0,0],"14":[0,0]},"f":{"1":0,"2":0,"3":0,"4":0,"5":0,"6":0,"7":0,"8":0,"9":0,"10":0,"11":0,"12":0,"13":0,"14":0,"15":0,"16":0},"fnMap":{"1":{"name":"(anonymous_1)","line":15,"loc":{"start":{"line":15,"column":13},"end":{"line":15,"column":39}}},"2":{"name":"(anonymous_2)","line":25,"loc":{"start":{"line":25,"column":14},"end":{"line":25,"column":35}}},"3":{"name":"(anonymous_3)","line":29,"loc":{"start":{"line":29,"column":19},"end":{"line":29,"column":49}}},"4":{"name":"(anonymous_4)","line":35,"loc":{"start":{"line":35,"column":30},"end":{"line":35,"column":46}}},"5":{"name":"(anonymous_5)","line":56,"loc":{"start":{"line":56,"column":18},"end":{"line":56,"column":46}}},"6":{"name":"(anonymous_6)","line":69,"loc":{"start":{"line":69,"column":19},"end":{"line":69,"column":53}}},"7":{"name":"(anonymous_7)","line":73,"loc":{"start":{"line":73,"column":16},"end":{"line":73,"column":32}}},"8":{"name":"(anonymous_8)","line":77,"loc":{"start":{"line":77,"column":19},"end":{"line":77,"column":53}}},"9":{"name":"(anonymous_9)","line":86,"loc":{"start":{"line":86,"column":20},"end":{"line":86,"column":35}}},"10":{"name":"(anonymous_10)","line":107,"loc":{"start":{"line":107,"column":25},"end":{"line":107,"column":65}}},"11":{"name":"(anonymous_11)","line":108,"loc":{"start":{"line":108,"column":26},"end":{"line":108,"column":39}}},"12":{"name":"(anonymous_12)","line":113,"loc":{"start":{"line":113,"column":20},"end":{"line":113,"column":35}}},"13":{"name":"(anonymous_13)","line":114,"loc":{"start":{"line":114,"column":9},"end":{"line":114,"column":36}}},"14":{"name":"(anonymous_14)","line":125,"loc":{"start":{"line":125,"column":16},"end":{"line":125,"column":38}}},"15":{"name":"(anonymous_15)","line":129,"loc":{"start":{"line":129,"column":16},"end":{"line":129,"column":40}}},"16":{"name":"(anonymous_16)",
[...]
},"end":{"line":3,"column":29}},"2":{"start":{"line":5,"column":0},"end":{"line":26,"column":2}},"3":{"start":{"line":6,"column":2},"end":{"line":6,"column":24}},"4":{"start":{"line":8,"column":2},"end":{"line":14,"column":3}},"5":{"start":{"line":9,"column":4},"end":{"line":9,"column":33}},"6":{"start":{"line":10,"column":4},"end":{"line":10,"column":36}},"7":{"start":{"line":13,"column":4},"end":{"line":13,"column":22}},"8":{"start":{"line":16,"column":2},"end":{"line":24,"column":3}},"9":{"start":{"line":17,"column":4},"end":{"line":23,"column":5}},"10":{"start":{"line":18,"column":6},"end":{"line":18,"column":23}},"11":{"start":{"line":19,"column":6},"end":{"line":19,"column":26}},"12":{"start":{"line":22,"column":6},"end":{"line":22,"column":61}}},"branchMap":{"1":{"line":16,"type":"if","locations":[{"start":{"line":16,"column":2},"end":{"line":16,"column":2}},{"start":{"line":16,"column":2},"end":{"line":16,"column":2}}]}},"code":["'use strict';","","var Err = require('./error');","","module.exports = function (mod) {","  var loadModule = null;","","  try {","    loadModule = 'sprity-' + mod;","    return require('sprity-' + mod);","  }","  catch(e) {","    loadModule = null;","  }","","  if (!loadModule) {","    try {","      loadModule = mod;","      return require(mod);","    }","    catch(e) {","      throw new Err.PluggableError(mod + ' not found.', mod);","    }","  }","","};",""],"l":{"3":1,"5":1,"6":0,"8":0,"9":0,"10":0,"13":0,"16":0,"17":0,"18":0,"19":0,"22":0}},"/home/travis/build/npmtest/node-npmtest-sprity/node_modules/sprity/lib/style.js":{"path":"/home/travis/build/npmtest/node-npmtest-sprity/node_modules/sprity/lib/style.js","s":{"1":1,"2":1,"3":1,"4":1,"5":1,"6":1,"7":1,"8":1,"9":1,"10":1,"11":1,"12":0,"13":1,"14":0,"15":0,"16":1,"17":0,"18":1,"19":0,"20":1,"21":0,"22":0,"23":1,"24":0,"25":0,"26":0,"27":0,"28":1,"29":0,"30":0,"31":1,"32":0,"33":0,"34":0,"35":0,"36":0,"37":0,"38":0,"39":0,"40":0,"41":1,"42":0,"43":0,"44":0,"45":0,"46":0,"47":0,"48":1,"49":0,"50":0,"51":0,"52":0,"53":0,"54":0,"55":0,"56":0,"57":0,"58":0,"59":0,"60":0,"61":1,"62":0,"63":0,"64":0,"65":0,"66":0,"67":0,"68":0,"69":0},"b":{"1":[0,0],"2":[0,0],"3":[0,0],"4":[0,0],"5":[0,0],"6":[0,0],"7":[0,0],"8":[0,0],"9":[0,0],"10":[0,0],"11":[0,0],"12":[0,0],"13":[0,0]},"f":{"1":0,"2":0,"3":0,"4":0,"5":0,"6":0,"7":0,"8":0,"9":0,"10":0,"11":0,"12":0,"13":0,"14":0,"15":0,"16":0,"17":0},"fnMap":{"1":{"name":"(anonymous_1)","line":15,"loc":{"start":{"line":15,"column":36},"end":{"line":15,"column":53}}},"2":{"name":"(anonymous_2)","line":19,"loc":{"start":{"line":19,"column":38},"end":{"line":19,"column":53}}},"3":{"name":"encodeCssUri","line":20,"loc":{"start":{"line":20,"column":36},"end":{"line":20,"column":64}}},"4":{"name":"(anonymous_4)","line":25,"loc":{"start":{"line":25,"column":37},"end":{"line":25,"column":53}}},"5":{"name":"(anonymous_5)","line":29,"loc":{"start":{"line":29,"column":16},"end":{"line":29,"column":32}}},"6":{"name":"(anonymous_6)","line":33,"loc":{"start":{"line":33,"column":18},"end":{"line":33,"column":33}}},"7":{"name":"(anonymous_7)","line":38,"loc":{"start":{"line":38,"column":15},"end":{"line":38,"column":30}}},"8":{"name":"(anonymous_8)","line":39,"loc":{"start":{"line":39,"column":24},"end":{"line":39,"column":41}}},"9":{"name":"(anonymous_9)","line":55,"loc":{"start":{"line":55,"column":37},"end":{"line":55,"column":55}}},"10":{"name":"(anonymous_10)","line":62,"loc":{"start":{"line":62,"column":38},"end":{"line":62,"column":53}}},"11":{"name":"(anonymous_11)","line":83,"loc":{"start":{"line":83,"column":12},"end":{"line":83,"column":39}}},"12":{"name":"(anonymous_12)","line":98,"loc":{"start":{"line":98,"column":18},"end":{"line":98,"column":33}}},"13":{"name":"(anonymous_13)","line":99,"loc":{"start":{"line":99,"column":9},"end":{"line":99,"column":23}}},"14":{"name":"(anonymous_14)","line":108,"loc":{"start":{"line":108,"column":17},"end":{"line":108,"column":32}}},"15":{"name":"(anonymous_15)","line":111,"loc":{"start":{"line":111,"column":16},"end":{"line":111,"column":28}}},"16":{"name":"(anonymous_16)","line":118,"loc":{"start":{"line":118,"column":14},"end":{"line":118,"column":29}}},"17":{"name":"(anonymous_17)","line":132,"loc":{"start":{"line":132,"column":17},"end":{"line":132,"column":32}}}},"statementMap":{"1":{"start":{"line":3,"column":0},"end":{"line":3,"column":26}},"2":{"start":{"line":4,"column":0},"end":{"line":4,"column":34}},"3":{"start":{"line":5,"column":0},"end":{"line":5,"column":35}},"4":{"start":{"line":6,"column":0},"end":{"line":6,"column":39}},"5":{"start":{"line":7,"column":0},"end":{"line":7,"column":27}},"6":{"start":{"line":8,"column":0},"end":{"line":8,"column":51}},"7":{"start":{"line":9,"column":0},"end":{"line":9,"column":31}},"8":{"start":{"line":10,"column":0},"end":{"line":10,"column":39}},"9":{"start":{"line":12,"column":0},"end":{"line":12,"column":46}},"10":{"start":{"line":13,"column":0},"end":{"line":13,"column":40}},"11":{"start":{"line":15,"column":0},"end":{"line":17,"column":3}},"12":{"start":{"line":16,"column":2},"end":{"line":16,"column":78}},"13":{"start":{"line":19,"column":0},"end":{"line":23,"column":3}},"14":{"start":{"line":20,"column":2},"end":{"line":22,"column":5}},"15":{"start":{"line":21,"column":4},"end":{"line":21,"column":48}},"16":{"start":{"line":25,"column":0},"end":{"line":27,"column":3}},"17":{"start":{"line":26,"column":2},"end":{"line":26,"column":34}},"18":{"start":{"line":29,"column":0},"end":{"line":31,"column":2}},"19":{"start":{"line":30,"column":2},"end":{"line":30,"column":27}},"20":{"start":{"line":33,"column":0},"end":{"line":36,"column":2}},"21":{"start":{"line":34,"column":2},"end":{"line":34,"column":60}},"22":{"start":{"line":35,"column":2},"end":{"line":35,"column":48}},"23":{"start":{"line":38,"column":0},"end":{"line":53,"column":2}},"24":{"start":{"line":39,"column":2},"end":{"line":52,"column":5}},"25":{"start":{"line":40,"column":4},"end":{"line":51,"column":5}},"26":{"start":{"line":41,"column":6},"end":{"line":47,"column":12}},"27":{"start":{"line":50,"column":6},"end":{"line":50,"column":19}},"28":{"start":{"line":55,"column":0},"end":{"line":60,"column":3}},"29":{"start":{"line":56,"column":2},"end":{"line":56,"column":44}},"30":{"start":{"line":57,"column":2},"end":{"line":59,"column":5}},"31":{"start":{"line":62,"column":0},"end":{"line":81,"column":3}},"32":{"start":{"line":63,"column":2},"end":{"line":80,"column":3}},"33":{"start":{"line":64,"column":4},"end":{"line":69,"column":5}},"34":{"start":{"line":65,"column":6},"end":{"line":65,"column":47}},"35":{"start":{"line":68,"column":6},"end":{"line":68,"column":32}},"36":{"start":{"line":72,"column":4},"end":{"line":72,"column":25}},"37":{"start":{"line":73,"column":4},"end":{"line":78,"column":5}},"38":{"start":{"line":74,"column":6},"end":{"line":74,"column":86}},"39":{"start":{"line":77,"column":6},"end":{"line":77,"column":83}},"40":{"start":{"line":79,"column":4},"end":{"line":79,"column":12}},"41":{"start":{"line":83,"column":0},"end":{"line":96,"column":2}},"42":{"start":{"line":84,"column":2},"end":{"line":95,"column":3}},"43":{"start":{"line":85,"column":4},"end":{"line":85,"column":15}},"44":{"start":{"line":88,"column":4},"end":{"line":94,"column":5}},"45":{"start":{"line":89,"column":6},"end":{"line":89,"column":27}},"46":{"start":{"line":90,"column":6},"end":{"line":90,"column":23}},"47":{"start":{"line":93,"column":6},"end":{"line":93,"column":11}},"48":{"start":{"line":98,"column":0},"end":{"line":130,"column":2}},"49":{"start":{"line":99,"column":2},"end":{"line":129,"column":4}},"50":{"start":{"line":100,"column":4},"end":{"line":100,"column":29}},"51":{"start":{"line":102,"column":4},"end":{"line":128,"column":5}},"52":{"start":{"line":103,"column":6},"end":{"line":115,"column":7}},"53":{"start":{"line":104,"column":8},"end":{"line":104,"column":55}},"54":{"start":{"line":107,"column":8},"end":{"line":114,"column":31}},"55":{"start":{"line":109,"column":12},"end":{"line":109,"column":38}},"56":{"start":{"line":112,"column":12},"end":{"line":112,"column":63}},"57":{"start":{"line":117,"column":6},"end":{"line":124,"column":11}},"58":{"start":{"line":119,"column":10},"end":{"line":122,"column":13}},"59":{"start":{"line":123,"column":10},"end":{"line":123,"column":15}},"60":{"start":{"line":127,"column":6},"end":{"line":127,"column":11}},"61":{"start":{"line":132,"column":0},"end":{"line":144,"column":2}},"62":{"start":{"line":133,"column":2},"end":{"line":133,"column":19}},"63":{"start":{"line":134,"column":2},"end":{"line":134,"column":15}},"64":{"start":{"line":135,"column":2},"end":{"line":142,"column":3}},"65":{"start":{"line":136,"column":4},"end":{"line":136,"column":44}},"66":{"start":{"line":137,"column":4},"end":{"line":137,"column":59}},"67":{"start":{"line":138,"column":4},"end":{"line":138,"column":83}},"68":{"start":{"line":141,"column":4},"end":{"line":141,"column":14}},"69":{"start":{"line":143,"column":2},"end":{"line":143,"column":47}}},"branchMap":{"1":{"line":16,"type":"cond-expr","locations":[{"start":{"line":16,"column":37},"end":{"line":16,"column":72}},{"start":{"line":16,"column":75},"end":{"line":16,"column":77}}]},"2":{"line":16,"type":"binary-expr","locations":[{"start":{"line":16,"column":9},"end":{"line":16,"column":14}},{"start":{"line":16,"column":18},"end":{"line":16,"column":34}}]},"3":{"line":40,"type":"if","locations":[{"start":{"line":40,"column":4},"end":{"line":40,"column":4}},{"start":{"line":40,"column":4},"end":{"line":40,"column":4}}]},"4":{"line":40,"type":"binary-expr","locations":[{"start":{"line":40,"column":8},"end":{"line":40,"column":21}},{"start":{"line":40,"column":25},"end":{"line":40,"column":54}}]},"5":{"line":45,"type":"cond-expr","locations":[{"start":{"line":45,"column":55},"end":{"line":45,"column":58}},{"start":{"line":45,"column":61},"end":{"line":45,"column":65}}]},"6":{"line":64,"type":"if","locations":[{"start":{"line":64,"column":4},"end":{"line":64,"column":4}},{"start":{"line":64,"column":4},"end":{"line":64,"column":4}}]},"7":{"line":73,"type":"if","locations":[{"start":{"line":73,"column":4},"end":{"line":73,"column":4}},{"start":{"line":73,"column":4},"end":{"line":73,"column":4}}]},"8":{"line":84,"type":"if","locations":[{"start":{"line":84,"column":2},"end":{"line":84,"column":2}},{"start":{"line":84,"column":2},"end":{"line":84,"column":2}}]},"9":{"line":88,"type":"if","locations":[{"start":{"line":88,"column":4},"end":{"line":88,"column":4}},{"start":{"line":88,"column":4},"end":{"line":88,"column":4}}]},"10":{"line":102,"type":"if","locations":[{"start":{"line":102,"column":4},"end":{"line":102,"column":4}},{"start":{"line":102,"column":4},"end":{"line":102,"column":4}}]},"11":{"line":103,"type":"if","locations":[{"start":{"line":103,"column":6},"end":{"line":103,"column":6}},{"start":{"line":103,"column":6},"end":{"line":103,"column":6}}]},"12":{"line":120,"type":"cond-expr","locations":[{"start":{"line":120,"column":38},"end":{"line":120,"column":40}},{"start":{"line":120,"column":43},"end":{"line":120,"column":73}}]},"13":{"line":135,"type":"if","locations":[{"start":{"line":135,"column":2},"end":{"line":135,"column":2}},{"start":{"line":135,"column":2},"end":{"line":135,"column":2}}]}},"code":["'use strict';","","var _ = require('lodash');","var Promise = require('bluebird');","var through2 = require('through2');","var Handlebars = require('handlebars');","var path = require('path');","var fs = Promise.promisifyAll(require('fs-extra'));","var cssesc = require('cssesc');","var prettydiff = require('prettydiff');","","var moduleRequire = require('./util/require');","var layouts = [], processor, log, ratio;","","Handlebars.registerHelper('cssesc', function (value) {","  return value && value.length > 0 ? cssesc(value, {isIdentifier: true}) : '';","});","","Handlebars.registerHelper('escimage', function (img) {","  return img.replace(/['\"\\(\\)\\s]/g, function encodeCssUri (chr) {","    return '%' + chr.charCodeAt(0).toString(16);","  });","});","","Handlebars.registerHelper('baseDim', function (size) {","  return Math.round(size * ratio);","});","","var sortByDim = function (a, b) {","  return a.ratio - b.ratio;","};","","var getTemplate = function (opt) {","  var templatePath = path.join(process.cwd(), opt.template);","  return fs.readFileAsync(templatePath, 'utf8');","};","","var beautify = function (opt) {","  return Promise.method(function (style) {","    if (!opt.template && processor.isBeautifyable(opt)) {","      return prettydiff.api({","        source: style,","        lang: 'css',","        mode: 'beautify',","        inchar: opt['style-indent-char'] === 'space' ? ' ' : '\\t',","        insize: opt['style-indent-size']","      })[0];","    }","    else {","      return style;","    }","  });","};","","var processTemplate = Promise.method(function (source) {","  var template = Handlebars.compile(source);","  return template({","    layouts: layouts","  });","});","","var prepareProcessor = Promise.method(function (opt) {","  try {","    if (_.isString(opt.processor)) {","      processor = moduleRequire(opt.processor);","    }","    else {","      processor = opt.processor;","    }","  }","  catch (e) {","    log.error(e.message);","    if (opt.cli) {","      log.debug('Install the style processor with `npm install <processor-name> -g`');","    }","    else {","      log.debug('Install the style processor with `npm install <processor-name>`');","    }","    throw e;","  }","});","","var queue = function (layout, enc, cb) {","  if (layout instanceof Error) {","    cb(layout);","  }","  else {","    if (layout) {","      layouts.push(layout);","      cb(null, layout);","    }","    else {","      cb();","    }","  }","};","","var createStyle = function (opt) {","  return function (cb) {","    var stream = this, style;","","    if (opt.style) {","      if (opt.template) {","        style = getTemplate(opt).then(processTemplate);","      }","      else {","        style = prepareProcessor(opt)","          .catch(function (err) {","            stream.emit('error', err);","          })","          .then(function () {","            return processor.process(layouts, opt, Handlebars);","          })","          .then(beautify(opt));","      }","","      style","        .then(function (res) {","          stream.push({","            extension: opt.template ? '' : '.' + processor.extension(opt),","            style: new Buffer(res, 'utf-8')","          });","          cb();","        });","    }","    else {","      cb();","    }","  };","};","","module.exports = function (opt) {","  log = opt.logger;","  layouts = [];","  if (opt.dimension) {","    opt.dimension.sort(sortByDim).reverse();","    opt.dimension[opt.dimension.length - 1].default = true;","    ratio = opt.dimension[opt.dimension.length - 1].ratio / opt.dimension[0].ratio;","  }","  else {","    ratio = 1;","  }","  return through2.obj(queue, createStyle(opt));","};",""],"l":{"3":1,"4":1,"5":1,"6":1,"7":1,"8":1,"9":1,"10":1,"12":1,"13":1,"15":1,"16":0,"19":1,"20":0,"21":0,"25":1,"26":0,"29":1,"30":0,"33":1,"34":0,"35":0,"38":1,"39":0,"40":0,"41":0,"50":0,"55":1,"56":0,"57":0,"62":1,"63":0,"64":0,"65":0,"68":0,"72":0,"73":0,"74":0,"77":0,"79":0,"83":1,"84":0,"85":0,"88":0,"89":0,"90":0,"93":0,"98":1,"99":0,"100":0,"102":0,"103":0,"104":0,"107":0,"109":0,"112":0,"117":0,"119":0,"123":0,"127":0,"132":1,"133":0,"134":0,"135":0,"136":0,"137":0,"138":0,"141":0,"143":0}},"/home/travis/build/npmtest/node-npmtest-sprity/node_modules/sprity/lib/to-vinyl.js":{"path":"/home/travis/build/npmtest/node-npmtest-sprity/node_modules/sprity/lib/to-vinyl.js","s":{"1":1,"2":1,"3":1,"4":1,"5":1,"6":1,"7":0,"8":0,"9":0,"10":0,"11":0,"12":0,"13":0,"14":0,"15":0,"16":0,"17":0,"18":0,"19":0,"20":1,"21":0},"b":{"1":[0,0],"2":[0,0],"3":[0,0],"4":[0,0]},"f":{"1":0,"2":0,"3":0,"4":0},"fnMap":{"1":{"name":"(anonymous_1)","line":9,"loc":{"start":{"line":9,"column":16},"end":{"line":9,"column":31}}},"2":{"name":"(anonymous_2)","line":10,"loc":{"start":{"line":10,"column":9},"end":{"line":10,"column":33}}},"3":{"name":"(anonymous_3)","line":30,"loc":{"start":{"line":30,"column":30},"end":{"line":30,"column":48}}},"4":{"name":"(anonymous_4)","line":45,"loc":{"start":{"line":45,"column":17},"end":{"line":45,"column":32}}}},"statementMap":{"1":{"start":{"line":3,"column":0},"end":{"line":3,"column":26}},"2":{"start":{"line":4,"column":0},"end":{"line":4,"column":28}},"3":{"start":{"line":5,"column":0},"end":{"line":5,"column":35}},"4":{"start":{"line":6,"column":0},"end":{"line":6,"column":27}},"5":{"start":{"line":7,"column":0},"end":{"line":7,"column":42}},"6":{"start":{"line":9,"column":0},"end":{"line":43,"column":2}},"7":{"start":{"line":10,"column":2},"end":{"line":42,"column":4}},"8":{"start":{"line":11,"column":4},"end":{"line":11,"column":22}},"9":{"start":{"line":12,"column":4},"end":{"line":41,"column":5}},"10":{"start":{"line":13,"column":6},"end":{"line":13,"column":14}},"11":{"start":{"line":16,"column":6},"end":{"line":39,"column":7}},"12":{"start":{"line":17,"column":8},"end":{"line":38,"column":9}},"13":{"start":{"line":18,"column":10},"end":{"line":18,"column":46}},"14":{"start":{"line":19,"column":10},"end":{"line":21,"column":11}},"15":{"start":{"line":20,"column":12},"end":{"line":20,"column":45}},"16":{"start":{"line":22,"column":10},"end":{"line":27,"column":14}},"17":{"start":{"line":30,"column":10},"end":{"line":37,"column":13}},"18":{"start":{"line":31,"column":12},"end":{"line":36,"column":16}},"19":{"start":{"line":40,"column":6},"end":{"line":40,"column":11}},"20":{"start":{"line":45,"column":0},"end":{"line":47,"column":2}},"21":{"start":{"line":46,"column":2},"end":{"line":46,"column":38}}},"branchMap":{"1":{"line":12,"type":"if","locations":[{"start":{"line":12,"column":4},"end":{"line":12,"column":4}},{"start":{"line":12,"column":4},"end":{"line":12,"column":4}}]},"2":{"line":16,"type":"if","locations":[{"start":{"line":16,"column":6},"end":{"line":16,"column":6}},{"start":{"line":16,"column":6},"end":{"line":16,"column":6}}]},"3":{"line":17,"type":"if","locations":[{"start":{"line":17,"column":8},"end":{"line":17,"column":8}},{"start":{"line":17,"column":8},"end":{"line":17,"column":8}}]},"4":{"line":19,"type":"if","locations":[{"start":{"line":19,"column":10},"end":{"line":19,"column":10}},{"start":{"line":19,"column":10},"end":{"line":19,"column":10}}]}},"code":["'use strict';","","var _ = require('lodash');","var File = require('vinyl');","var through2 = require('through2');","var path = require('path');","var parsePath = require('parse-filepath');","","var transform = function (opt) {","  return function (obj, enc, cb) {","    var stream = this;","    if (obj instanceof Error) {","      cb(obj);","    }","    else {","      if (obj) {","        if (obj.style) {","          var filePath = parsePath(opt.style);","          if (filePath.extname === '') {","            filePath.extname = obj.extension;","          }","          stream.push(new File({","            base: path.join(opt.out, filePath.dirname),","            relative: path.join(filePath.dirname, filePath.name + filePath.extname),","            path: path.join(opt.out, filePath.dirname, filePath.name + filePath.extname.toLowerCase()),","            contents: obj.style","          }));","        }","        else {","          _.each(obj.sprites, function (sprite) {","            stream.push(new File({","              base: opt.out,","              relative: sprite.name + '.' + sprite.type,","              path: path.join(opt.out, sprite.name + '.' + sprite.type.toLowerCase()),","              contents: sprite.contents","            }));","          });","        }","      }","      cb();","    }","  };","};","","module.exports = function (opt) {","  return through2.obj(transform(opt));","};",""],"l":{"3":1,"4":1,"5":1,"6":1,"7":1,"9":1,"10":0,"11":0,"12":0,"13":0,"16":0,"17":0,"18":0,"19":0,"20":0,"22":0,"30":0,"31":0,"40":0,"45":1,"46":0}}}